::1 - - [Wed, 10 Aug 2016 07:57:26 GMT] "GET / HTTP/1.1" 200 1326 "-" "Mozilla/5.0 (Windows NT 10.0; WOW64) AppleWebKit/537.36 (KHTML, like Gecko) Chrome/52.0.2743.82 Safari/537.36"
::1 - - [Wed, 10 Aug 2016 07:57:26 GMT] "GET /KindEditor/kindeditor-min.js HTTP/1.1" 200 93336 "http://localhost:3000/" "Mozilla/5.0 (Windows NT 10.0; WOW64) AppleWebKit/537.36 (KHTML, like Gecko) Chrome/52.0.2743.82 Safari/537.36"
::1 - - [Wed, 10 Aug 2016 07:57:26 GMT] "GET /stylesheets/style.css HTTP/1.1" 304 - "http://localhost:3000/" "Mozilla/5.0 (Windows NT 10.0; WOW64) AppleWebKit/537.36 (KHTML, like Gecko) Chrome/52.0.2743.82 Safari/537.36"
::1 - - [Wed, 10 Aug 2016 07:57:26 GMT] "GET /KindEditor/lang/zh_CN.js HTTP/1.1" 200 8488 "http://localhost:3000/" "Mozilla/5.0 (Windows NT 10.0; WOW64) AppleWebKit/537.36 (KHTML, like Gecko) Chrome/52.0.2743.82 Safari/537.36"
::1 - - [Wed, 10 Aug 2016 07:57:27 GMT] "GET /KindEditor/themes/default/default.css HTTP/1.1" 200 21947 "http://localhost:3000/" "Mozilla/5.0 (Windows NT 10.0; WOW64) AppleWebKit/537.36 (KHTML, like Gecko) Chrome/52.0.2743.82 Safari/537.36"
::1 - - [Wed, 10 Aug 2016 07:57:32 GMT] "GET /reg HTTP/1.1" 200 1607 "http://localhost:3000/" "Mozilla/5.0 (Windows NT 10.0; WOW64) AppleWebKit/537.36 (KHTML, like Gecko) Chrome/52.0.2743.82 Safari/537.36"
::1 - - [Wed, 10 Aug 2016 07:57:32 GMT] "GET /stylesheets/style.css HTTP/1.1" 304 - "http://localhost:3000/reg" "Mozilla/5.0 (Windows NT 10.0; WOW64) AppleWebKit/537.36 (KHTML, like Gecko) Chrome/52.0.2743.82 Safari/537.36"
::1 - - [Wed, 10 Aug 2016 07:57:32 GMT] "GET /KindEditor/kindeditor-min.js HTTP/1.1" 304 - "http://localhost:3000/reg" "Mozilla/5.0 (Windows NT 10.0; WOW64) AppleWebKit/537.36 (KHTML, like Gecko) Chrome/52.0.2743.82 Safari/537.36"
::1 - - [Wed, 10 Aug 2016 07:57:32 GMT] "GET /KindEditor/lang/zh_CN.js HTTP/1.1" 304 - "http://localhost:3000/reg" "Mozilla/5.0 (Windows NT 10.0; WOW64) AppleWebKit/537.36 (KHTML, like Gecko) Chrome/52.0.2743.82 Safari/537.36"
::1 - - [Wed, 10 Aug 2016 07:57:32 GMT] "GET /KindEditor/themes/default/default.css HTTP/1.1" 304 - "http://localhost:3000/reg" "Mozilla/5.0 (Windows NT 10.0; WOW64) AppleWebKit/537.36 (KHTML, like Gecko) Chrome/52.0.2743.82 Safari/537.36"
::1 - - [Wed, 10 Aug 2016 07:57:38 GMT] "POST /reg HTTP/1.1" 302 46 "http://localhost:3000/reg" "Mozilla/5.0 (Windows NT 10.0; WOW64) AppleWebKit/537.36 (KHTML, like Gecko) Chrome/52.0.2743.82 Safari/537.36"
::1 - - [Wed, 10 Aug 2016 07:57:38 GMT] "GET / HTTP/1.1" 200 1356 "http://localhost:3000/reg" "Mozilla/5.0 (Windows NT 10.0; WOW64) AppleWebKit/537.36 (KHTML, like Gecko) Chrome/52.0.2743.82 Safari/537.36"
::1 - - [Wed, 10 Aug 2016 07:57:38 GMT] "GET /stylesheets/style.css HTTP/1.1" 304 - "http://localhost:3000/" "Mozilla/5.0 (Windows NT 10.0; WOW64) AppleWebKit/537.36 (KHTML, like Gecko) Chrome/52.0.2743.82 Safari/537.36"
::1 - - [Wed, 10 Aug 2016 07:57:38 GMT] "GET /KindEditor/kindeditor-min.js HTTP/1.1" 304 - "http://localhost:3000/" "Mozilla/5.0 (Windows NT 10.0; WOW64) AppleWebKit/537.36 (KHTML, like Gecko) Chrome/52.0.2743.82 Safari/537.36"
::1 - - [Wed, 10 Aug 2016 07:57:38 GMT] "GET /KindEditor/lang/zh_CN.js HTTP/1.1" 304 - "http://localhost:3000/" "Mozilla/5.0 (Windows NT 10.0; WOW64) AppleWebKit/537.36 (KHTML, like Gecko) Chrome/52.0.2743.82 Safari/537.36"
::1 - - [Wed, 10 Aug 2016 07:57:38 GMT] "GET /KindEditor/themes/default/default.css HTTP/1.1" 304 - "http://localhost:3000/" "Mozilla/5.0 (Windows NT 10.0; WOW64) AppleWebKit/537.36 (KHTML, like Gecko) Chrome/52.0.2743.82 Safari/537.36"
::1 - - [Wed, 10 Aug 2016 07:57:39 GMT] "GET /login HTTP/1.1" 200 1477 "http://localhost:3000/" "Mozilla/5.0 (Windows NT 10.0; WOW64) AppleWebKit/537.36 (KHTML, like Gecko) Chrome/52.0.2743.82 Safari/537.36"
::1 - - [Wed, 10 Aug 2016 07:57:39 GMT] "GET /stylesheets/style.css HTTP/1.1" 304 - "http://localhost:3000/login" "Mozilla/5.0 (Windows NT 10.0; WOW64) AppleWebKit/537.36 (KHTML, like Gecko) Chrome/52.0.2743.82 Safari/537.36"
::1 - - [Wed, 10 Aug 2016 07:57:39 GMT] "GET /KindEditor/kindeditor-min.js HTTP/1.1" 304 - "http://localhost:3000/login" "Mozilla/5.0 (Windows NT 10.0; WOW64) AppleWebKit/537.36 (KHTML, like Gecko) Chrome/52.0.2743.82 Safari/537.36"
::1 - - [Wed, 10 Aug 2016 07:57:39 GMT] "GET /KindEditor/lang/zh_CN.js HTTP/1.1" 304 - "http://localhost:3000/login" "Mozilla/5.0 (Windows NT 10.0; WOW64) AppleWebKit/537.36 (KHTML, like Gecko) Chrome/52.0.2743.82 Safari/537.36"
::1 - - [Wed, 10 Aug 2016 07:57:39 GMT] "GET /KindEditor/themes/default/default.css HTTP/1.1" 304 - "http://localhost:3000/login" "Mozilla/5.0 (Windows NT 10.0; WOW64) AppleWebKit/537.36 (KHTML, like Gecko) Chrome/52.0.2743.82 Safari/537.36"
::1 - - [Wed, 10 Aug 2016 07:57:40 GMT] "POST /login HTTP/1.1" 302 46 "http://localhost:3000/login" "Mozilla/5.0 (Windows NT 10.0; WOW64) AppleWebKit/537.36 (KHTML, like Gecko) Chrome/52.0.2743.82 Safari/537.36"
::1 - - [Wed, 10 Aug 2016 07:57:40 GMT] "GET / HTTP/1.1" 200 1420 "http://localhost:3000/login" "Mozilla/5.0 (Windows NT 10.0; WOW64) AppleWebKit/537.36 (KHTML, like Gecko) Chrome/52.0.2743.82 Safari/537.36"
::1 - - [Wed, 10 Aug 2016 07:57:40 GMT] "GET /stylesheets/style.css HTTP/1.1" 304 - "http://localhost:3000/" "Mozilla/5.0 (Windows NT 10.0; WOW64) AppleWebKit/537.36 (KHTML, like Gecko) Chrome/52.0.2743.82 Safari/537.36"
::1 - - [Wed, 10 Aug 2016 07:57:40 GMT] "GET /KindEditor/kindeditor-min.js HTTP/1.1" 304 - "http://localhost:3000/" "Mozilla/5.0 (Windows NT 10.0; WOW64) AppleWebKit/537.36 (KHTML, like Gecko) Chrome/52.0.2743.82 Safari/537.36"
::1 - - [Wed, 10 Aug 2016 07:57:40 GMT] "GET /KindEditor/lang/zh_CN.js HTTP/1.1" 304 - "http://localhost:3000/" "Mozilla/5.0 (Windows NT 10.0; WOW64) AppleWebKit/537.36 (KHTML, like Gecko) Chrome/52.0.2743.82 Safari/537.36"
::1 - - [Wed, 10 Aug 2016 07:57:40 GMT] "GET /KindEditor/themes/default/default.css HTTP/1.1" 304 - "http://localhost:3000/" "Mozilla/5.0 (Windows NT 10.0; WOW64) AppleWebKit/537.36 (KHTML, like Gecko) Chrome/52.0.2743.82 Safari/537.36"
::1 - - [Wed, 10 Aug 2016 07:57:42 GMT] "GET /post HTTP/1.1" 200 1695 "http://localhost:3000/" "Mozilla/5.0 (Windows NT 10.0; WOW64) AppleWebKit/537.36 (KHTML, like Gecko) Chrome/52.0.2743.82 Safari/537.36"
::1 - - [Wed, 10 Aug 2016 07:57:42 GMT] "GET /stylesheets/style.css HTTP/1.1" 304 - "http://localhost:3000/post" "Mozilla/5.0 (Windows NT 10.0; WOW64) AppleWebKit/537.36 (KHTML, like Gecko) Chrome/52.0.2743.82 Safari/537.36"
::1 - - [Wed, 10 Aug 2016 07:57:42 GMT] "GET /KindEditor/kindeditor-min.js HTTP/1.1" 304 - "http://localhost:3000/post" "Mozilla/5.0 (Windows NT 10.0; WOW64) AppleWebKit/537.36 (KHTML, like Gecko) Chrome/52.0.2743.82 Safari/537.36"
::1 - - [Wed, 10 Aug 2016 07:57:42 GMT] "GET /KindEditor/lang/zh_CN.js HTTP/1.1" 304 - "http://localhost:3000/post" "Mozilla/5.0 (Windows NT 10.0; WOW64) AppleWebKit/537.36 (KHTML, like Gecko) Chrome/52.0.2743.82 Safari/537.36"
::1 - - [Wed, 10 Aug 2016 07:57:42 GMT] "GET /KindEditor/themes/default/default.css HTTP/1.1" 304 - "http://localhost:3000/post" "Mozilla/5.0 (Windows NT 10.0; WOW64) AppleWebKit/537.36 (KHTML, like Gecko) Chrome/52.0.2743.82 Safari/537.36"
::1 - - [Wed, 10 Aug 2016 07:57:42 GMT] "GET /KindEditor/themes/default/default.png HTTP/1.1" 200 8299 "http://localhost:3000/KindEditor/themes/default/default.css" "Mozilla/5.0 (Windows NT 10.0; WOW64) AppleWebKit/537.36 (KHTML, like Gecko) Chrome/52.0.2743.82 Safari/537.36"
::1 - - [Wed, 10 Aug 2016 07:59:49 GMT] "GET /post HTTP/1.1" 200 1397 "http://localhost:3000/" "Mozilla/5.0 (Windows NT 10.0; WOW64) AppleWebKit/537.36 (KHTML, like Gecko) Chrome/52.0.2743.82 Safari/537.36"
::1 - - [Wed, 10 Aug 2016 07:59:49 GMT] "GET /stylesheets/style.css HTTP/1.1" 304 - "http://localhost:3000/post" "Mozilla/5.0 (Windows NT 10.0; WOW64) AppleWebKit/537.36 (KHTML, like Gecko) Chrome/52.0.2743.82 Safari/537.36"
::1 - - [Wed, 10 Aug 2016 07:59:49 GMT] "GET /KindEditor/kindeditor-min.js HTTP/1.1" 304 - "http://localhost:3000/post" "Mozilla/5.0 (Windows NT 10.0; WOW64) AppleWebKit/537.36 (KHTML, like Gecko) Chrome/52.0.2743.82 Safari/537.36"
::1 - - [Wed, 10 Aug 2016 07:59:49 GMT] "GET /KindEditor/lang/zh_CN.js HTTP/1.1" 304 - "http://localhost:3000/post" "Mozilla/5.0 (Windows NT 10.0; WOW64) AppleWebKit/537.36 (KHTML, like Gecko) Chrome/52.0.2743.82 Safari/537.36"
::1 - - [Wed, 10 Aug 2016 07:59:49 GMT] "GET /KindEditor/themes/default/default.css HTTP/1.1" 304 - "http://localhost:3000/post" "Mozilla/5.0 (Windows NT 10.0; WOW64) AppleWebKit/537.36 (KHTML, like Gecko) Chrome/52.0.2743.82 Safari/537.36"
::1 - - [Wed, 10 Aug 2016 08:00:03 GMT] "GET /post HTTP/1.1" 200 1695 "http://localhost:3000/" "Mozilla/5.0 (Windows NT 10.0; WOW64) AppleWebKit/537.36 (KHTML, like Gecko) Chrome/52.0.2743.82 Safari/537.36"
::1 - - [Wed, 10 Aug 2016 08:00:03 GMT] "GET /stylesheets/style.css HTTP/1.1" 304 - "http://localhost:3000/post" "Mozilla/5.0 (Windows NT 10.0; WOW64) AppleWebKit/537.36 (KHTML, like Gecko) Chrome/52.0.2743.82 Safari/537.36"
::1 - - [Wed, 10 Aug 2016 08:00:03 GMT] "GET /KindEditor/lang/zh_CN.js HTTP/1.1" 304 - "http://localhost:3000/post" "Mozilla/5.0 (Windows NT 10.0; WOW64) AppleWebKit/537.36 (KHTML, like Gecko) Chrome/52.0.2743.82 Safari/537.36"
::1 - - [Wed, 10 Aug 2016 08:00:03 GMT] "GET /KindEditor/kindeditor-min.js HTTP/1.1" 304 - "http://localhost:3000/post" "Mozilla/5.0 (Windows NT 10.0; WOW64) AppleWebKit/537.36 (KHTML, like Gecko) Chrome/52.0.2743.82 Safari/537.36"
::1 - - [Wed, 10 Aug 2016 08:00:03 GMT] "GET /KindEditor/themes/default/default.css HTTP/1.1" 304 - "http://localhost:3000/post" "Mozilla/5.0 (Windows NT 10.0; WOW64) AppleWebKit/537.36 (KHTML, like Gecko) Chrome/52.0.2743.82 Safari/537.36"
::1 - - [Wed, 10 Aug 2016 08:00:14 GMT] "GET /KindEditor/plugins/image/image.js?ver=4.1.7%20(2013-04-21) HTTP/1.1" 200 11242 "http://localhost:3000/post" "Mozilla/5.0 (Windows NT 10.0; WOW64) AppleWebKit/537.36 (KHTML, like Gecko) Chrome/52.0.2743.82 Safari/537.36"
::1 - - [Wed, 10 Aug 2016 08:00:14 GMT] "GET /KindEditor/themes/default/default.png HTTP/1.1" 304 - "http://localhost:3000/post" "Mozilla/5.0 (Windows NT 10.0; WOW64) AppleWebKit/537.36 (KHTML, like Gecko) Chrome/52.0.2743.82 Safari/537.36"
::1 - - [Wed, 10 Aug 2016 08:00:14 GMT] "GET /KindEditor/themes/default/background.png HTTP/1.1" 200 788 "http://localhost:3000/KindEditor/themes/default/default.css" "Mozilla/5.0 (Windows NT 10.0; WOW64) AppleWebKit/537.36 (KHTML, like Gecko) Chrome/52.0.2743.82 Safari/537.36"
::1 - - [Wed, 10 Aug 2016 08:00:14 GMT] "GET /KindEditor/plugins/image/images/align_right.gif HTTP/1.1" 200 636 "http://localhost:3000/post" "Mozilla/5.0 (Windows NT 10.0; WOW64) AppleWebKit/537.36 (KHTML, like Gecko) Chrome/52.0.2743.82 Safari/537.36"
::1 - - [Wed, 10 Aug 2016 08:00:15 GMT] "GET /KindEditor/plugins/image/images/align_left.gif HTTP/1.1" 200 639 "http://localhost:3000/post" "Mozilla/5.0 (Windows NT 10.0; WOW64) AppleWebKit/537.36 (KHTML, like Gecko) Chrome/52.0.2743.82 Safari/537.36"
::1 - - [Wed, 10 Aug 2016 08:00:15 GMT] "GET /KindEditor/plugins/image/images/align_top.gif HTTP/1.1" 200 625 "http://localhost:3000/post" "Mozilla/5.0 (Windows NT 10.0; WOW64) AppleWebKit/537.36 (KHTML, like Gecko) Chrome/52.0.2743.82 Safari/537.36"
::1 - - [Wed, 10 Aug 2016 08:00:15 GMT] "GET /KindEditor/plugins/image/images/refresh.png HTTP/1.1" 200 800 "http://localhost:3000/post" "Mozilla/5.0 (Windows NT 10.0; WOW64) AppleWebKit/537.36 (KHTML, like Gecko) Chrome/52.0.2743.82 Safari/537.36"
::1 - - [Wed, 10 Aug 2016 08:00:38 GMT] "GET /post HTTP/1.1" 200 1694 "http://localhost:3000/" "Mozilla/5.0 (Windows NT 10.0; WOW64) AppleWebKit/537.36 (KHTML, like Gecko) Chrome/52.0.2743.82 Safari/537.36"
::1 - - [Wed, 10 Aug 2016 08:00:38 GMT] "GET /stylesheets/style.css HTTP/1.1" 304 - "http://localhost:3000/post" "Mozilla/5.0 (Windows NT 10.0; WOW64) AppleWebKit/537.36 (KHTML, like Gecko) Chrome/52.0.2743.82 Safari/537.36"
::1 - - [Wed, 10 Aug 2016 08:00:38 GMT] "GET /KindEditor/kindeditor-min.js HTTP/1.1" 304 - "http://localhost:3000/post" "Mozilla/5.0 (Windows NT 10.0; WOW64) AppleWebKit/537.36 (KHTML, like Gecko) Chrome/52.0.2743.82 Safari/537.36"
::1 - - [Wed, 10 Aug 2016 08:00:38 GMT] "GET /KindEditor/lang/zh_CN.js HTTP/1.1" 304 - "http://localhost:3000/post" "Mozilla/5.0 (Windows NT 10.0; WOW64) AppleWebKit/537.36 (KHTML, like Gecko) Chrome/52.0.2743.82 Safari/537.36"
::1 - - [Wed, 10 Aug 2016 08:00:38 GMT] "GET /KindEditor/themes/default/default.css HTTP/1.1" 304 - "http://localhost:3000/post" "Mozilla/5.0 (Windows NT 10.0; WOW64) AppleWebKit/537.36 (KHTML, like Gecko) Chrome/52.0.2743.82 Safari/537.36"
::1 - - [Wed, 10 Aug 2016 08:00:40 GMT] "GET /KindEditor/plugins/image/image.js?ver=4.1.7%20(2013-04-21) HTTP/1.1" 304 - "http://localhost:3000/post" "Mozilla/5.0 (Windows NT 10.0; WOW64) AppleWebKit/537.36 (KHTML, like Gecko) Chrome/52.0.2743.82 Safari/537.36"
::1 - - [Wed, 10 Aug 2016 08:00:40 GMT] "GET /KindEditor/plugins/image/images/refresh.png HTTP/1.1" 304 - "http://localhost:3000/post" "Mozilla/5.0 (Windows NT 10.0; WOW64) AppleWebKit/537.36 (KHTML, like Gecko) Chrome/52.0.2743.82 Safari/537.36"
::1 - - [Wed, 10 Aug 2016 08:00:40 GMT] "GET /KindEditor/plugins/image/images/align_top.gif HTTP/1.1" 304 - "http://localhost:3000/post" "Mozilla/5.0 (Windows NT 10.0; WOW64) AppleWebKit/537.36 (KHTML, like Gecko) Chrome/52.0.2743.82 Safari/537.36"
::1 - - [Wed, 10 Aug 2016 08:00:40 GMT] "GET /KindEditor/plugins/image/images/align_right.gif HTTP/1.1" 304 - "http://localhost:3000/post" "Mozilla/5.0 (Windows NT 10.0; WOW64) AppleWebKit/537.36 (KHTML, like Gecko) Chrome/52.0.2743.82 Safari/537.36"
::1 - - [Wed, 10 Aug 2016 08:00:40 GMT] "GET /KindEditor/plugins/image/images/align_left.gif HTTP/1.1" 304 - "http://localhost:3000/post" "Mozilla/5.0 (Windows NT 10.0; WOW64) AppleWebKit/537.36 (KHTML, like Gecko) Chrome/52.0.2743.82 Safari/537.36"
::1 - - [Wed, 10 Aug 2016 08:01:10 GMT] "GET /KindEditor/themes/common/loading.gif HTTP/1.1" 200 2608 "http://localhost:3000/KindEditor/themes/default/default.css" "Mozilla/5.0 (Windows NT 10.0; WOW64) AppleWebKit/537.36 (KHTML, like Gecko) Chrome/52.0.2743.82 Safari/537.36"
::1 - - [Wed, 10 Aug 2016 08:01:11 GMT] "POST /KindEditor/php/upload_json.php?dir=image HTTP/1.1" 200 217 "http://localhost:3000/post" "Mozilla/5.0 (Windows NT 10.0; WOW64) AppleWebKit/537.36 (KHTML, like Gecko) Chrome/52.0.2743.82 Safari/537.36"
::1 - - [Wed, 10 Aug 2016 08:01:44 GMT] "POST /post HTTP/1.1" 302 46 "http://localhost:3000/post" "Mozilla/5.0 (Windows NT 10.0; WOW64) AppleWebKit/537.36 (KHTML, like Gecko) Chrome/52.0.2743.82 Safari/537.36"
::1 - - [Wed, 10 Aug 2016 08:01:45 GMT] "GET / HTTP/1.1" 200 2109 "http://localhost:3000/post" "Mozilla/5.0 (Windows NT 10.0; WOW64) AppleWebKit/537.36 (KHTML, like Gecko) Chrome/52.0.2743.82 Safari/537.36"
::1 - - [Wed, 10 Aug 2016 08:01:45 GMT] "GET /stylesheets/style.css HTTP/1.1" 304 - "http://localhost:3000/" "Mozilla/5.0 (Windows NT 10.0; WOW64) AppleWebKit/537.36 (KHTML, like Gecko) Chrome/52.0.2743.82 Safari/537.36"
::1 - - [Wed, 10 Aug 2016 08:01:45 GMT] "GET /KindEditor/kindeditor-min.js HTTP/1.1" 304 - "http://localhost:3000/" "Mozilla/5.0 (Windows NT 10.0; WOW64) AppleWebKit/537.36 (KHTML, like Gecko) Chrome/52.0.2743.82 Safari/537.36"
::1 - - [Wed, 10 Aug 2016 08:01:45 GMT] "GET /KindEditor/lang/zh_CN.js HTTP/1.1" 304 - "http://localhost:3000/" "Mozilla/5.0 (Windows NT 10.0; WOW64) AppleWebKit/537.36 (KHTML, like Gecko) Chrome/52.0.2743.82 Safari/537.36"
::1 - - [Wed, 10 Aug 2016 08:01:45 GMT] "GET /KindEditor/themes/default/default.css HTTP/1.1" 304 - "http://localhost:3000/" "Mozilla/5.0 (Windows NT 10.0; WOW64) AppleWebKit/537.36 (KHTML, like Gecko) Chrome/52.0.2743.82 Safari/537.36"
::1 - - [Wed, 10 Aug 2016 08:01:50 GMT] "GET /u/abc/2016-8-10/kaka HTTP/1.1" 200 2380 "http://localhost:3000/" "Mozilla/5.0 (Windows NT 10.0; WOW64) AppleWebKit/537.36 (KHTML, like Gecko) Chrome/52.0.2743.82 Safari/537.36"
::1 - - [Wed, 10 Aug 2016 08:01:50 GMT] "GET /stylesheets/style.css HTTP/1.1" 304 - "http://localhost:3000/u/abc/2016-8-10/kaka" "Mozilla/5.0 (Windows NT 10.0; WOW64) AppleWebKit/537.36 (KHTML, like Gecko) Chrome/52.0.2743.82 Safari/537.36"
::1 - - [Wed, 10 Aug 2016 08:01:50 GMT] "GET /KindEditor/lang/zh_CN.js HTTP/1.1" 304 - "http://localhost:3000/u/abc/2016-8-10/kaka" "Mozilla/5.0 (Windows NT 10.0; WOW64) AppleWebKit/537.36 (KHTML, like Gecko) Chrome/52.0.2743.82 Safari/537.36"
::1 - - [Wed, 10 Aug 2016 08:01:50 GMT] "GET /KindEditor/kindeditor-min.js HTTP/1.1" 304 - "http://localhost:3000/u/abc/2016-8-10/kaka" "Mozilla/5.0 (Windows NT 10.0; WOW64) AppleWebKit/537.36 (KHTML, like Gecko) Chrome/52.0.2743.82 Safari/537.36"
::1 - - [Wed, 10 Aug 2016 08:01:50 GMT] "GET /KindEditor/themes/default/default.css HTTP/1.1" 304 - "http://localhost:3000/u/abc/2016-8-10/kaka" "Mozilla/5.0 (Windows NT 10.0; WOW64) AppleWebKit/537.36 (KHTML, like Gecko) Chrome/52.0.2743.82 Safari/537.36"
::1 - - [Wed, 10 Aug 2016 08:01:50 GMT] "GET /KindEditor/themes/default/default.png HTTP/1.1" 304 - "http://localhost:3000/u/abc/2016-8-10/kaka" "Mozilla/5.0 (Windows NT 10.0; WOW64) AppleWebKit/537.36 (KHTML, like Gecko) Chrome/52.0.2743.82 Safari/537.36"
::1 - - [Wed, 10 Aug 2016 08:01:53 GMT] "GET /remove/abc/2016-8-10/kaka HTTP/1.1" 302 46 "http://localhost:3000/u/abc/2016-8-10/kaka" "Mozilla/5.0 (Windows NT 10.0; WOW64) AppleWebKit/537.36 (KHTML, like Gecko) Chrome/52.0.2743.82 Safari/537.36"
::1 - - [Wed, 10 Aug 2016 08:01:53 GMT] "GET / HTTP/1.1" 200 1419 "http://localhost:3000/u/abc/2016-8-10/kaka" "Mozilla/5.0 (Windows NT 10.0; WOW64) AppleWebKit/537.36 (KHTML, like Gecko) Chrome/52.0.2743.82 Safari/537.36"
::1 - - [Wed, 10 Aug 2016 08:01:53 GMT] "GET /stylesheets/style.css HTTP/1.1" 304 - "http://localhost:3000/" "Mozilla/5.0 (Windows NT 10.0; WOW64) AppleWebKit/537.36 (KHTML, like Gecko) Chrome/52.0.2743.82 Safari/537.36"
::1 - - [Wed, 10 Aug 2016 08:01:53 GMT] "GET /KindEditor/kindeditor-min.js HTTP/1.1" 304 - "http://localhost:3000/" "Mozilla/5.0 (Windows NT 10.0; WOW64) AppleWebKit/537.36 (KHTML, like Gecko) Chrome/52.0.2743.82 Safari/537.36"
::1 - - [Wed, 10 Aug 2016 08:01:53 GMT] "GET /KindEditor/lang/zh_CN.js HTTP/1.1" 304 - "http://localhost:3000/" "Mozilla/5.0 (Windows NT 10.0; WOW64) AppleWebKit/537.36 (KHTML, like Gecko) Chrome/52.0.2743.82 Safari/537.36"
::1 - - [Wed, 10 Aug 2016 08:01:53 GMT] "GET /KindEditor/themes/default/default.css HTTP/1.1" 304 - "http://localhost:3000/" "Mozilla/5.0 (Windows NT 10.0; WOW64) AppleWebKit/537.36 (KHTML, like Gecko) Chrome/52.0.2743.82 Safari/537.36"
::1 - - [Wed, 10 Aug 2016 08:01:55 GMT] "GET / HTTP/1.1" 200 1387 "http://localhost:3000/" "Mozilla/5.0 (Windows NT 10.0; WOW64) AppleWebKit/537.36 (KHTML, like Gecko) Chrome/52.0.2743.82 Safari/537.36"
::1 - - [Wed, 10 Aug 2016 08:01:55 GMT] "GET /stylesheets/style.css HTTP/1.1" 304 - "http://localhost:3000/" "Mozilla/5.0 (Windows NT 10.0; WOW64) AppleWebKit/537.36 (KHTML, like Gecko) Chrome/52.0.2743.82 Safari/537.36"
::1 - - [Wed, 10 Aug 2016 08:01:55 GMT] "GET /KindEditor/kindeditor-min.js HTTP/1.1" 304 - "http://localhost:3000/" "Mozilla/5.0 (Windows NT 10.0; WOW64) AppleWebKit/537.36 (KHTML, like Gecko) Chrome/52.0.2743.82 Safari/537.36"
::1 - - [Wed, 10 Aug 2016 08:01:55 GMT] "GET /KindEditor/lang/zh_CN.js HTTP/1.1" 304 - "http://localhost:3000/" "Mozilla/5.0 (Windows NT 10.0; WOW64) AppleWebKit/537.36 (KHTML, like Gecko) Chrome/52.0.2743.82 Safari/537.36"
::1 - - [Wed, 10 Aug 2016 08:01:55 GMT] "GET /KindEditor/themes/default/default.css HTTP/1.1" 304 - "http://localhost:3000/" "Mozilla/5.0 (Windows NT 10.0; WOW64) AppleWebKit/537.36 (KHTML, like Gecko) Chrome/52.0.2743.82 Safari/537.36"
::1 - - [Wed, 10 Aug 2016 08:36:17 GMT] "GET / HTTP/1.1" 304 - "http://localhost:3000/" "Mozilla/5.0 (Windows NT 10.0; WOW64) AppleWebKit/537.36 (KHTML, like Gecko) Chrome/52.0.2743.82 Safari/537.36"
::1 - - [Wed, 10 Aug 2016 08:36:18 GMT] "GET /stylesheets/style.css HTTP/1.1" 304 - "http://localhost:3000/" "Mozilla/5.0 (Windows NT 10.0; WOW64) AppleWebKit/537.36 (KHTML, like Gecko) Chrome/52.0.2743.82 Safari/537.36"
::1 - - [Wed, 10 Aug 2016 08:36:18 GMT] "GET /KindEditor/kindeditor-min.js HTTP/1.1" 304 - "http://localhost:3000/" "Mozilla/5.0 (Windows NT 10.0; WOW64) AppleWebKit/537.36 (KHTML, like Gecko) Chrome/52.0.2743.82 Safari/537.36"
::1 - - [Wed, 10 Aug 2016 08:36:18 GMT] "GET /KindEditor/lang/zh_CN.js HTTP/1.1" 304 - "http://localhost:3000/" "Mozilla/5.0 (Windows NT 10.0; WOW64) AppleWebKit/537.36 (KHTML, like Gecko) Chrome/52.0.2743.82 Safari/537.36"
::1 - - [Wed, 10 Aug 2016 08:36:18 GMT] "GET /KindEditor/themes/default/default.css HTTP/1.1" 304 - "http://localhost:3000/" "Mozilla/5.0 (Windows NT 10.0; WOW64) AppleWebKit/537.36 (KHTML, like Gecko) Chrome/52.0.2743.82 Safari/537.36"
::1 - - [Wed, 10 Aug 2016 08:36:21 GMT] "GET /logout HTTP/1.1" 302 46 "http://localhost:3000/" "Mozilla/5.0 (Windows NT 10.0; WOW64) AppleWebKit/537.36 (KHTML, like Gecko) Chrome/52.0.2743.82 Safari/537.36"
::1 - - [Wed, 10 Aug 2016 08:36:21 GMT] "GET / HTTP/1.1" 200 1357 "http://localhost:3000/" "Mozilla/5.0 (Windows NT 10.0; WOW64) AppleWebKit/537.36 (KHTML, like Gecko) Chrome/52.0.2743.82 Safari/537.36"
::1 - - [Wed, 10 Aug 2016 08:36:21 GMT] "GET /stylesheets/style.css HTTP/1.1" 304 - "http://localhost:3000/" "Mozilla/5.0 (Windows NT 10.0; WOW64) AppleWebKit/537.36 (KHTML, like Gecko) Chrome/52.0.2743.82 Safari/537.36"
::1 - - [Wed, 10 Aug 2016 08:36:21 GMT] "GET /KindEditor/lang/zh_CN.js HTTP/1.1" 304 - "http://localhost:3000/" "Mozilla/5.0 (Windows NT 10.0; WOW64) AppleWebKit/537.36 (KHTML, like Gecko) Chrome/52.0.2743.82 Safari/537.36"
::1 - - [Wed, 10 Aug 2016 08:36:21 GMT] "GET /KindEditor/kindeditor-min.js HTTP/1.1" 304 - "http://localhost:3000/" "Mozilla/5.0 (Windows NT 10.0; WOW64) AppleWebKit/537.36 (KHTML, like Gecko) Chrome/52.0.2743.82 Safari/537.36"
::1 - - [Wed, 10 Aug 2016 08:36:21 GMT] "GET /KindEditor/themes/default/default.css HTTP/1.1" 304 - "http://localhost:3000/" "Mozilla/5.0 (Windows NT 10.0; WOW64) AppleWebKit/537.36 (KHTML, like Gecko) Chrome/52.0.2743.82 Safari/537.36"
::1 - - [Wed, 10 Aug 2016 08:36:21 GMT] "GET /login HTTP/1.1" 200 1524 "http://localhost:3000/" "Mozilla/5.0 (Windows NT 10.0; WOW64) AppleWebKit/537.36 (KHTML, like Gecko) Chrome/52.0.2743.82 Safari/537.36"
::1 - - [Wed, 10 Aug 2016 08:36:21 GMT] "GET /stylesheets/style.css HTTP/1.1" 304 - "http://localhost:3000/login" "Mozilla/5.0 (Windows NT 10.0; WOW64) AppleWebKit/537.36 (KHTML, like Gecko) Chrome/52.0.2743.82 Safari/537.36"
::1 - - [Wed, 10 Aug 2016 08:36:21 GMT] "GET /KindEditor/kindeditor-min.js HTTP/1.1" 304 - "http://localhost:3000/login" "Mozilla/5.0 (Windows NT 10.0; WOW64) AppleWebKit/537.36 (KHTML, like Gecko) Chrome/52.0.2743.82 Safari/537.36"
::1 - - [Wed, 10 Aug 2016 08:36:21 GMT] "GET /KindEditor/lang/zh_CN.js HTTP/1.1" 304 - "http://localhost:3000/login" "Mozilla/5.0 (Windows NT 10.0; WOW64) AppleWebKit/537.36 (KHTML, like Gecko) Chrome/52.0.2743.82 Safari/537.36"
::1 - - [Wed, 10 Aug 2016 08:36:22 GMT] "GET /KindEditor/themes/default/default.css HTTP/1.1" 304 - "http://localhost:3000/login" "Mozilla/5.0 (Windows NT 10.0; WOW64) AppleWebKit/537.36 (KHTML, like Gecko) Chrome/52.0.2743.82 Safari/537.36"
::1 - - [Wed, 10 Aug 2016 08:36:23 GMT] "GET /login/github HTTP/1.1" 302 0 "http://localhost:3000/login" "Mozilla/5.0 (Windows NT 10.0; WOW64) AppleWebKit/537.36 (KHTML, like Gecko) Chrome/52.0.2743.82 Safari/537.36"
::1 - - [Wed, 10 Aug 2016 08:37:01 GMT] "GET / HTTP/1.1" 200 1325 "http://localhost:3000/login" "Mozilla/5.0 (Windows NT 10.0; WOW64) AppleWebKit/537.36 (KHTML, like Gecko) Chrome/52.0.2743.82 Safari/537.36"
::1 - - [Wed, 10 Aug 2016 08:37:01 GMT] "GET /stylesheets/style.css HTTP/1.1" 304 - "http://localhost:3000/" "Mozilla/5.0 (Windows NT 10.0; WOW64) AppleWebKit/537.36 (KHTML, like Gecko) Chrome/52.0.2743.82 Safari/537.36"
::1 - - [Wed, 10 Aug 2016 08:37:01 GMT] "GET /KindEditor/kindeditor-min.js HTTP/1.1" 304 - "http://localhost:3000/" "Mozilla/5.0 (Windows NT 10.0; WOW64) AppleWebKit/537.36 (KHTML, like Gecko) Chrome/52.0.2743.82 Safari/537.36"
::1 - - [Wed, 10 Aug 2016 08:37:01 GMT] "GET /KindEditor/lang/zh_CN.js HTTP/1.1" 304 - "http://localhost:3000/" "Mozilla/5.0 (Windows NT 10.0; WOW64) AppleWebKit/537.36 (KHTML, like Gecko) Chrome/52.0.2743.82 Safari/537.36"
::1 - - [Wed, 10 Aug 2016 08:37:01 GMT] "GET /KindEditor/themes/default/default.css HTTP/1.1" 304 - "http://localhost:3000/" "Mozilla/5.0 (Windows NT 10.0; WOW64) AppleWebKit/537.36 (KHTML, like Gecko) Chrome/52.0.2743.82 Safari/537.36"
::1 - - [Wed, 10 Aug 2016 08:38:53 GMT] "GET / HTTP/1.1" 304 - "http://localhost:3000/login" "Mozilla/5.0 (Windows NT 10.0; WOW64) AppleWebKit/537.36 (KHTML, like Gecko) Chrome/52.0.2743.82 Safari/537.36"
::1 - - [Wed, 10 Aug 2016 08:38:53 GMT] "GET /stylesheets/style.css HTTP/1.1" 304 - "http://localhost:3000/" "Mozilla/5.0 (Windows NT 10.0; WOW64) AppleWebKit/537.36 (KHTML, like Gecko) Chrome/52.0.2743.82 Safari/537.36"
::1 - - [Wed, 10 Aug 2016 08:38:53 GMT] "GET /KindEditor/kindeditor-min.js HTTP/1.1" 304 - "http://localhost:3000/" "Mozilla/5.0 (Windows NT 10.0; WOW64) AppleWebKit/537.36 (KHTML, like Gecko) Chrome/52.0.2743.82 Safari/537.36"
::1 - - [Wed, 10 Aug 2016 08:38:53 GMT] "GET /KindEditor/lang/zh_CN.js HTTP/1.1" 304 - "http://localhost:3000/" "Mozilla/5.0 (Windows NT 10.0; WOW64) AppleWebKit/537.36 (KHTML, like Gecko) Chrome/52.0.2743.82 Safari/537.36"
::1 - - [Wed, 10 Aug 2016 08:38:53 GMT] "GET /KindEditor/themes/default/default.css HTTP/1.1" 304 - "http://localhost:3000/" "Mozilla/5.0 (Windows NT 10.0; WOW64) AppleWebKit/537.36 (KHTML, like Gecko) Chrome/52.0.2743.82 Safari/537.36"
::1 - - [Wed, 10 Aug 2016 08:38:54 GMT] "GET /login HTTP/1.1" 304 - "http://localhost:3000/" "Mozilla/5.0 (Windows NT 10.0; WOW64) AppleWebKit/537.36 (KHTML, like Gecko) Chrome/52.0.2743.82 Safari/537.36"
::1 - - [Wed, 10 Aug 2016 08:38:54 GMT] "GET /stylesheets/style.css HTTP/1.1" 304 - "http://localhost:3000/login" "Mozilla/5.0 (Windows NT 10.0; WOW64) AppleWebKit/537.36 (KHTML, like Gecko) Chrome/52.0.2743.82 Safari/537.36"
::1 - - [Wed, 10 Aug 2016 08:38:54 GMT] "GET /KindEditor/kindeditor-min.js HTTP/1.1" 304 - "http://localhost:3000/login" "Mozilla/5.0 (Windows NT 10.0; WOW64) AppleWebKit/537.36 (KHTML, like Gecko) Chrome/52.0.2743.82 Safari/537.36"
::1 - - [Wed, 10 Aug 2016 08:38:54 GMT] "GET /KindEditor/lang/zh_CN.js HTTP/1.1" 304 - "http://localhost:3000/login" "Mozilla/5.0 (Windows NT 10.0; WOW64) AppleWebKit/537.36 (KHTML, like Gecko) Chrome/52.0.2743.82 Safari/537.36"
::1 - - [Wed, 10 Aug 2016 08:38:54 GMT] "GET /KindEditor/themes/default/default.css HTTP/1.1" 304 - "http://localhost:3000/login" "Mozilla/5.0 (Windows NT 10.0; WOW64) AppleWebKit/537.36 (KHTML, like Gecko) Chrome/52.0.2743.82 Safari/537.36"
::1 - - [Wed, 10 Aug 2016 08:38:55 GMT] "GET /login/github HTTP/1.1" 302 0 "http://localhost:3000/login" "Mozilla/5.0 (Windows NT 10.0; WOW64) AppleWebKit/537.36 (KHTML, like Gecko) Chrome/52.0.2743.82 Safari/537.36"
::1 - - [Wed, 10 Aug 2016 08:39:07 GMT] "GET /archive HTTP/1.1" 200 1327 "http://localhost:3000/login" "Mozilla/5.0 (Windows NT 10.0; WOW64) AppleWebKit/537.36 (KHTML, like Gecko) Chrome/52.0.2743.82 Safari/537.36"
::1 - - [Wed, 10 Aug 2016 08:39:07 GMT] "GET /stylesheets/style.css HTTP/1.1" 304 - "http://localhost:3000/archive" "Mozilla/5.0 (Windows NT 10.0; WOW64) AppleWebKit/537.36 (KHTML, like Gecko) Chrome/52.0.2743.82 Safari/537.36"
::1 - - [Wed, 10 Aug 2016 08:39:07 GMT] "GET /KindEditor/kindeditor-min.js HTTP/1.1" 304 - "http://localhost:3000/archive" "Mozilla/5.0 (Windows NT 10.0; WOW64) AppleWebKit/537.36 (KHTML, like Gecko) Chrome/52.0.2743.82 Safari/537.36"
::1 - - [Wed, 10 Aug 2016 08:39:07 GMT] "GET /KindEditor/lang/zh_CN.js HTTP/1.1" 304 - "http://localhost:3000/archive" "Mozilla/5.0 (Windows NT 10.0; WOW64) AppleWebKit/537.36 (KHTML, like Gecko) Chrome/52.0.2743.82 Safari/537.36"
::1 - - [Wed, 10 Aug 2016 08:39:07 GMT] "GET /KindEditor/themes/default/default.css HTTP/1.1" 304 - "http://localhost:3000/archive" "Mozilla/5.0 (Windows NT 10.0; WOW64) AppleWebKit/537.36 (KHTML, like Gecko) Chrome/52.0.2743.82 Safari/537.36"
::1 - - [Wed, 10 Aug 2016 08:39:08 GMT] "GET /tags HTTP/1.1" 200 1292 "http://localhost:3000/archive" "Mozilla/5.0 (Windows NT 10.0; WOW64) AppleWebKit/537.36 (KHTML, like Gecko) Chrome/52.0.2743.82 Safari/537.36"
::1 - - [Wed, 10 Aug 2016 08:39:08 GMT] "GET /stylesheets/style.css HTTP/1.1" 304 - "http://localhost:3000/tags" "Mozilla/5.0 (Windows NT 10.0; WOW64) AppleWebKit/537.36 (KHTML, like Gecko) Chrome/52.0.2743.82 Safari/537.36"
::1 - - [Wed, 10 Aug 2016 08:39:08 GMT] "GET /KindEditor/kindeditor-min.js HTTP/1.1" 304 - "http://localhost:3000/tags" "Mozilla/5.0 (Windows NT 10.0; WOW64) AppleWebKit/537.36 (KHTML, like Gecko) Chrome/52.0.2743.82 Safari/537.36"
::1 - - [Wed, 10 Aug 2016 08:39:08 GMT] "GET /KindEditor/lang/zh_CN.js HTTP/1.1" 304 - "http://localhost:3000/tags" "Mozilla/5.0 (Windows NT 10.0; WOW64) AppleWebKit/537.36 (KHTML, like Gecko) Chrome/52.0.2743.82 Safari/537.36"
::1 - - [Wed, 10 Aug 2016 08:39:08 GMT] "GET /KindEditor/themes/default/default.css HTTP/1.1" 304 - "http://localhost:3000/tags" "Mozilla/5.0 (Windows NT 10.0; WOW64) AppleWebKit/537.36 (KHTML, like Gecko) Chrome/52.0.2743.82 Safari/537.36"
::1 - - [Wed, 10 Aug 2016 08:39:09 GMT] "GET / HTTP/1.1" 304 - "http://localhost:3000/tags" "Mozilla/5.0 (Windows NT 10.0; WOW64) AppleWebKit/537.36 (KHTML, like Gecko) Chrome/52.0.2743.82 Safari/537.36"
::1 - - [Wed, 10 Aug 2016 08:39:09 GMT] "GET /stylesheets/style.css HTTP/1.1" 304 - "http://localhost:3000/" "Mozilla/5.0 (Windows NT 10.0; WOW64) AppleWebKit/537.36 (KHTML, like Gecko) Chrome/52.0.2743.82 Safari/537.36"
::1 - - [Wed, 10 Aug 2016 08:39:09 GMT] "GET /KindEditor/kindeditor-min.js HTTP/1.1" 304 - "http://localhost:3000/" "Mozilla/5.0 (Windows NT 10.0; WOW64) AppleWebKit/537.36 (KHTML, like Gecko) Chrome/52.0.2743.82 Safari/537.36"
::1 - - [Wed, 10 Aug 2016 08:39:09 GMT] "GET /KindEditor/lang/zh_CN.js HTTP/1.1" 304 - "http://localhost:3000/" "Mozilla/5.0 (Windows NT 10.0; WOW64) AppleWebKit/537.36 (KHTML, like Gecko) Chrome/52.0.2743.82 Safari/537.36"
::1 - - [Wed, 10 Aug 2016 08:39:09 GMT] "GET /KindEditor/themes/default/default.css HTTP/1.1" 304 - "http://localhost:3000/" "Mozilla/5.0 (Windows NT 10.0; WOW64) AppleWebKit/537.36 (KHTML, like Gecko) Chrome/52.0.2743.82 Safari/537.36"
::1 - - [Wed, 10 Aug 2016 08:39:11 GMT] "GET /login HTTP/1.1" 304 - "http://localhost:3000/" "Mozilla/5.0 (Windows NT 10.0; WOW64) AppleWebKit/537.36 (KHTML, like Gecko) Chrome/52.0.2743.82 Safari/537.36"
::1 - - [Wed, 10 Aug 2016 08:39:11 GMT] "GET /stylesheets/style.css HTTP/1.1" 304 - "http://localhost:3000/login" "Mozilla/5.0 (Windows NT 10.0; WOW64) AppleWebKit/537.36 (KHTML, like Gecko) Chrome/52.0.2743.82 Safari/537.36"
::1 - - [Wed, 10 Aug 2016 08:39:11 GMT] "GET /KindEditor/kindeditor-min.js HTTP/1.1" 304 - "http://localhost:3000/login" "Mozilla/5.0 (Windows NT 10.0; WOW64) AppleWebKit/537.36 (KHTML, like Gecko) Chrome/52.0.2743.82 Safari/537.36"
::1 - - [Wed, 10 Aug 2016 08:39:11 GMT] "GET /KindEditor/lang/zh_CN.js HTTP/1.1" 304 - "http://localhost:3000/login" "Mozilla/5.0 (Windows NT 10.0; WOW64) AppleWebKit/537.36 (KHTML, like Gecko) Chrome/52.0.2743.82 Safari/537.36"
::1 - - [Wed, 10 Aug 2016 08:39:11 GMT] "GET /KindEditor/themes/default/default.css HTTP/1.1" 304 - "http://localhost:3000/login" "Mozilla/5.0 (Windows NT 10.0; WOW64) AppleWebKit/537.36 (KHTML, like Gecko) Chrome/52.0.2743.82 Safari/537.36"
::1 - - [Wed, 10 Aug 2016 08:39:46 GMT] "GET /login HTTP/1.1" 304 - "http://localhost:3000/" "Mozilla/5.0 (Windows NT 10.0; WOW64) AppleWebKit/537.36 (KHTML, like Gecko) Chrome/52.0.2743.82 Safari/537.36"
::1 - - [Wed, 10 Aug 2016 08:39:46 GMT] "GET /stylesheets/style.css HTTP/1.1" 304 - "http://localhost:3000/login" "Mozilla/5.0 (Windows NT 10.0; WOW64) AppleWebKit/537.36 (KHTML, like Gecko) Chrome/52.0.2743.82 Safari/537.36"
::1 - - [Wed, 10 Aug 2016 08:39:46 GMT] "GET /KindEditor/kindeditor-min.js HTTP/1.1" 304 - "http://localhost:3000/login" "Mozilla/5.0 (Windows NT 10.0; WOW64) AppleWebKit/537.36 (KHTML, like Gecko) Chrome/52.0.2743.82 Safari/537.36"
::1 - - [Wed, 10 Aug 2016 08:39:46 GMT] "GET /KindEditor/lang/zh_CN.js HTTP/1.1" 304 - "http://localhost:3000/login" "Mozilla/5.0 (Windows NT 10.0; WOW64) AppleWebKit/537.36 (KHTML, like Gecko) Chrome/52.0.2743.82 Safari/537.36"
::1 - - [Wed, 10 Aug 2016 08:39:46 GMT] "GET /KindEditor/themes/default/default.css HTTP/1.1" 304 - "http://localhost:3000/login" "Mozilla/5.0 (Windows NT 10.0; WOW64) AppleWebKit/537.36 (KHTML, like Gecko) Chrome/52.0.2743.82 Safari/537.36"
::1 - - [Wed, 10 Aug 2016 08:39:47 GMT] "GET /login/github HTTP/1.1" 302 0 "http://localhost:3000/login" "Mozilla/5.0 (Windows NT 10.0; WOW64) AppleWebKit/537.36 (KHTML, like Gecko) Chrome/52.0.2743.82 Safari/537.36"
::1 - - [Wed, 10 Aug 2016 08:41:37 GMT] "GET /login HTTP/1.1" 304 - "http://localhost:3000/" "Mozilla/5.0 (Windows NT 10.0; WOW64) AppleWebKit/537.36 (KHTML, like Gecko) Chrome/52.0.2743.82 Safari/537.36"
::1 - - [Wed, 10 Aug 2016 08:41:37 GMT] "GET /stylesheets/style.css HTTP/1.1" 304 - "http://localhost:3000/login" "Mozilla/5.0 (Windows NT 10.0; WOW64) AppleWebKit/537.36 (KHTML, like Gecko) Chrome/52.0.2743.82 Safari/537.36"
::1 - - [Wed, 10 Aug 2016 08:41:37 GMT] "GET /KindEditor/kindeditor-min.js HTTP/1.1" 304 - "http://localhost:3000/login" "Mozilla/5.0 (Windows NT 10.0; WOW64) AppleWebKit/537.36 (KHTML, like Gecko) Chrome/52.0.2743.82 Safari/537.36"
::1 - - [Wed, 10 Aug 2016 08:41:37 GMT] "GET /KindEditor/lang/zh_CN.js HTTP/1.1" 304 - "http://localhost:3000/login" "Mozilla/5.0 (Windows NT 10.0; WOW64) AppleWebKit/537.36 (KHTML, like Gecko) Chrome/52.0.2743.82 Safari/537.36"
::1 - - [Wed, 10 Aug 2016 08:41:37 GMT] "GET /KindEditor/themes/default/default.css HTTP/1.1" 304 - "http://localhost:3000/login" "Mozilla/5.0 (Windows NT 10.0; WOW64) AppleWebKit/537.36 (KHTML, like Gecko) Chrome/52.0.2743.82 Safari/537.36"
::1 - - [Wed, 10 Aug 2016 08:41:38 GMT] "GET /login/github HTTP/1.1" 302 0 "http://localhost:3000/login" "Mozilla/5.0 (Windows NT 10.0; WOW64) AppleWebKit/537.36 (KHTML, like Gecko) Chrome/52.0.2743.82 Safari/537.36"
::1 - - [Wed, 10 Aug 2016 08:41:45 GMT] "GET / HTTP/1.1" 304 - "http://localhost:3000/login" "Mozilla/5.0 (Windows NT 10.0; WOW64) AppleWebKit/537.36 (KHTML, like Gecko) Chrome/52.0.2743.82 Safari/537.36"
::1 - - [Wed, 10 Aug 2016 08:41:45 GMT] "GET /stylesheets/style.css HTTP/1.1" 304 - "http://localhost:3000/" "Mozilla/5.0 (Windows NT 10.0; WOW64) AppleWebKit/537.36 (KHTML, like Gecko) Chrome/52.0.2743.82 Safari/537.36"
::1 - - [Wed, 10 Aug 2016 08:41:45 GMT] "GET /KindEditor/kindeditor-min.js HTTP/1.1" 304 - "http://localhost:3000/" "Mozilla/5.0 (Windows NT 10.0; WOW64) AppleWebKit/537.36 (KHTML, like Gecko) Chrome/52.0.2743.82 Safari/537.36"
::1 - - [Wed, 10 Aug 2016 08:41:45 GMT] "GET /KindEditor/lang/zh_CN.js HTTP/1.1" 304 - "http://localhost:3000/" "Mozilla/5.0 (Windows NT 10.0; WOW64) AppleWebKit/537.36 (KHTML, like Gecko) Chrome/52.0.2743.82 Safari/537.36"
::1 - - [Wed, 10 Aug 2016 08:41:45 GMT] "GET /KindEditor/themes/default/default.css HTTP/1.1" 304 - "http://localhost:3000/" "Mozilla/5.0 (Windows NT 10.0; WOW64) AppleWebKit/537.36 (KHTML, like Gecko) Chrome/52.0.2743.82 Safari/537.36"
::1 - - [Wed, 10 Aug 2016 08:41:45 GMT] "GET /archive HTTP/1.1" 304 - "http://localhost:3000/" "Mozilla/5.0 (Windows NT 10.0; WOW64) AppleWebKit/537.36 (KHTML, like Gecko) Chrome/52.0.2743.82 Safari/537.36"
::1 - - [Wed, 10 Aug 2016 08:41:46 GMT] "GET /stylesheets/style.css HTTP/1.1" 304 - "http://localhost:3000/archive" "Mozilla/5.0 (Windows NT 10.0; WOW64) AppleWebKit/537.36 (KHTML, like Gecko) Chrome/52.0.2743.82 Safari/537.36"
::1 - - [Wed, 10 Aug 2016 08:41:46 GMT] "GET /KindEditor/kindeditor-min.js HTTP/1.1" 304 - "http://localhost:3000/archive" "Mozilla/5.0 (Windows NT 10.0; WOW64) AppleWebKit/537.36 (KHTML, like Gecko) Chrome/52.0.2743.82 Safari/537.36"
::1 - - [Wed, 10 Aug 2016 08:41:46 GMT] "GET /KindEditor/lang/zh_CN.js HTTP/1.1" 304 - "http://localhost:3000/archive" "Mozilla/5.0 (Windows NT 10.0; WOW64) AppleWebKit/537.36 (KHTML, like Gecko) Chrome/52.0.2743.82 Safari/537.36"
::1 - - [Wed, 10 Aug 2016 08:41:46 GMT] "GET /KindEditor/themes/default/default.css HTTP/1.1" 304 - "http://localhost:3000/archive" "Mozilla/5.0 (Windows NT 10.0; WOW64) AppleWebKit/537.36 (KHTML, like Gecko) Chrome/52.0.2743.82 Safari/537.36"
::1 - - [Wed, 10 Aug 2016 08:41:46 GMT] "GET /tags HTTP/1.1" 304 - "http://localhost:3000/archive" "Mozilla/5.0 (Windows NT 10.0; WOW64) AppleWebKit/537.36 (KHTML, like Gecko) Chrome/52.0.2743.82 Safari/537.36"
::1 - - [Wed, 10 Aug 2016 08:41:46 GMT] "GET /stylesheets/style.css HTTP/1.1" 304 - "http://localhost:3000/tags" "Mozilla/5.0 (Windows NT 10.0; WOW64) AppleWebKit/537.36 (KHTML, like Gecko) Chrome/52.0.2743.82 Safari/537.36"
::1 - - [Wed, 10 Aug 2016 08:41:46 GMT] "GET /KindEditor/kindeditor-min.js HTTP/1.1" 304 - "http://localhost:3000/tags" "Mozilla/5.0 (Windows NT 10.0; WOW64) AppleWebKit/537.36 (KHTML, like Gecko) Chrome/52.0.2743.82 Safari/537.36"
::1 - - [Wed, 10 Aug 2016 08:41:46 GMT] "GET /KindEditor/lang/zh_CN.js HTTP/1.1" 304 - "http://localhost:3000/tags" "Mozilla/5.0 (Windows NT 10.0; WOW64) AppleWebKit/537.36 (KHTML, like Gecko) Chrome/52.0.2743.82 Safari/537.36"
::1 - - [Wed, 10 Aug 2016 08:41:46 GMT] "GET /KindEditor/themes/default/default.css HTTP/1.1" 304 - "http://localhost:3000/tags" "Mozilla/5.0 (Windows NT 10.0; WOW64) AppleWebKit/537.36 (KHTML, like Gecko) Chrome/52.0.2743.82 Safari/537.36"
::1 - - [Wed, 10 Aug 2016 08:41:47 GMT] "GET /login HTTP/1.1" 304 - "http://localhost:3000/tags" "Mozilla/5.0 (Windows NT 10.0; WOW64) AppleWebKit/537.36 (KHTML, like Gecko) Chrome/52.0.2743.82 Safari/537.36"
::1 - - [Wed, 10 Aug 2016 08:41:47 GMT] "GET /stylesheets/style.css HTTP/1.1" 304 - "http://localhost:3000/login" "Mozilla/5.0 (Windows NT 10.0; WOW64) AppleWebKit/537.36 (KHTML, like Gecko) Chrome/52.0.2743.82 Safari/537.36"
::1 - - [Wed, 10 Aug 2016 08:41:47 GMT] "GET /KindEditor/kindeditor-min.js HTTP/1.1" 304 - "http://localhost:3000/login" "Mozilla/5.0 (Windows NT 10.0; WOW64) AppleWebKit/537.36 (KHTML, like Gecko) Chrome/52.0.2743.82 Safari/537.36"
::1 - - [Wed, 10 Aug 2016 08:41:47 GMT] "GET /KindEditor/lang/zh_CN.js HTTP/1.1" 304 - "http://localhost:3000/login" "Mozilla/5.0 (Windows NT 10.0; WOW64) AppleWebKit/537.36 (KHTML, like Gecko) Chrome/52.0.2743.82 Safari/537.36"
::1 - - [Wed, 10 Aug 2016 08:41:47 GMT] "GET /KindEditor/themes/default/default.css HTTP/1.1" 304 - "http://localhost:3000/login" "Mozilla/5.0 (Windows NT 10.0; WOW64) AppleWebKit/537.36 (KHTML, like Gecko) Chrome/52.0.2743.82 Safari/537.36"
::1 - - [Wed, 10 Aug 2016 08:41:47 GMT] "GET /links HTTP/1.1" 200 1599 "http://localhost:3000/login" "Mozilla/5.0 (Windows NT 10.0; WOW64) AppleWebKit/537.36 (KHTML, like Gecko) Chrome/52.0.2743.82 Safari/537.36"
::1 - - [Wed, 10 Aug 2016 08:41:47 GMT] "GET /stylesheets/style.css HTTP/1.1" 304 - "http://localhost:3000/links" "Mozilla/5.0 (Windows NT 10.0; WOW64) AppleWebKit/537.36 (KHTML, like Gecko) Chrome/52.0.2743.82 Safari/537.36"
::1 - - [Wed, 10 Aug 2016 08:41:47 GMT] "GET /KindEditor/kindeditor-min.js HTTP/1.1" 304 - "http://localhost:3000/links" "Mozilla/5.0 (Windows NT 10.0; WOW64) AppleWebKit/537.36 (KHTML, like Gecko) Chrome/52.0.2743.82 Safari/537.36"
::1 - - [Wed, 10 Aug 2016 08:41:47 GMT] "GET /KindEditor/lang/zh_CN.js HTTP/1.1" 304 - "http://localhost:3000/links" "Mozilla/5.0 (Windows NT 10.0; WOW64) AppleWebKit/537.36 (KHTML, like Gecko) Chrome/52.0.2743.82 Safari/537.36"
::1 - - [Wed, 10 Aug 2016 08:41:47 GMT] "GET /KindEditor/themes/default/default.css HTTP/1.1" 304 - "http://localhost:3000/links" "Mozilla/5.0 (Windows NT 10.0; WOW64) AppleWebKit/537.36 (KHTML, like Gecko) Chrome/52.0.2743.82 Safari/537.36"
::1 - - [Wed, 10 Aug 2016 08:41:52 GMT] "GET /login HTTP/1.1" 304 - "http://localhost:3000/links" "Mozilla/5.0 (Windows NT 10.0; WOW64) AppleWebKit/537.36 (KHTML, like Gecko) Chrome/52.0.2743.82 Safari/537.36"
::1 - - [Wed, 10 Aug 2016 08:41:52 GMT] "GET /stylesheets/style.css HTTP/1.1" 304 - "http://localhost:3000/login" "Mozilla/5.0 (Windows NT 10.0; WOW64) AppleWebKit/537.36 (KHTML, like Gecko) Chrome/52.0.2743.82 Safari/537.36"
::1 - - [Wed, 10 Aug 2016 08:41:52 GMT] "GET /KindEditor/kindeditor-min.js HTTP/1.1" 304 - "http://localhost:3000/login" "Mozilla/5.0 (Windows NT 10.0; WOW64) AppleWebKit/537.36 (KHTML, like Gecko) Chrome/52.0.2743.82 Safari/537.36"
::1 - - [Wed, 10 Aug 2016 08:41:52 GMT] "GET /KindEditor/lang/zh_CN.js HTTP/1.1" 304 - "http://localhost:3000/login" "Mozilla/5.0 (Windows NT 10.0; WOW64) AppleWebKit/537.36 (KHTML, like Gecko) Chrome/52.0.2743.82 Safari/537.36"
::1 - - [Wed, 10 Aug 2016 08:41:52 GMT] "GET /KindEditor/themes/default/default.css HTTP/1.1" 304 - "http://localhost:3000/login" "Mozilla/5.0 (Windows NT 10.0; WOW64) AppleWebKit/537.36 (KHTML, like Gecko) Chrome/52.0.2743.82 Safari/537.36"
::1 - - [Wed, 10 Aug 2016 08:41:53 GMT] "POST /login HTTP/1.1" 302 46 "http://localhost:3000/login" "Mozilla/5.0 (Windows NT 10.0; WOW64) AppleWebKit/537.36 (KHTML, like Gecko) Chrome/52.0.2743.82 Safari/537.36"
::1 - - [Wed, 10 Aug 2016 08:41:53 GMT] "GET / HTTP/1.1" 200 1419 "http://localhost:3000/login" "Mozilla/5.0 (Windows NT 10.0; WOW64) AppleWebKit/537.36 (KHTML, like Gecko) Chrome/52.0.2743.82 Safari/537.36"
::1 - - [Wed, 10 Aug 2016 08:41:53 GMT] "GET /stylesheets/style.css HTTP/1.1" 304 - "http://localhost:3000/" "Mozilla/5.0 (Windows NT 10.0; WOW64) AppleWebKit/537.36 (KHTML, like Gecko) Chrome/52.0.2743.82 Safari/537.36"
::1 - - [Wed, 10 Aug 2016 08:41:53 GMT] "GET /KindEditor/kindeditor-min.js HTTP/1.1" 304 - "http://localhost:3000/" "Mozilla/5.0 (Windows NT 10.0; WOW64) AppleWebKit/537.36 (KHTML, like Gecko) Chrome/52.0.2743.82 Safari/537.36"
::1 - - [Wed, 10 Aug 2016 08:41:53 GMT] "GET /KindEditor/lang/zh_CN.js HTTP/1.1" 304 - "http://localhost:3000/" "Mozilla/5.0 (Windows NT 10.0; WOW64) AppleWebKit/537.36 (KHTML, like Gecko) Chrome/52.0.2743.82 Safari/537.36"
::1 - - [Wed, 10 Aug 2016 08:41:53 GMT] "GET /KindEditor/themes/default/default.css HTTP/1.1" 304 - "http://localhost:3000/" "Mozilla/5.0 (Windows NT 10.0; WOW64) AppleWebKit/537.36 (KHTML, like Gecko) Chrome/52.0.2743.82 Safari/537.36"
::1 - - [Wed, 10 Aug 2016 08:41:54 GMT] "GET /post HTTP/1.1" 200 1694 "http://localhost:3000/" "Mozilla/5.0 (Windows NT 10.0; WOW64) AppleWebKit/537.36 (KHTML, like Gecko) Chrome/52.0.2743.82 Safari/537.36"
::1 - - [Wed, 10 Aug 2016 08:41:54 GMT] "GET /stylesheets/style.css HTTP/1.1" 304 - "http://localhost:3000/post" "Mozilla/5.0 (Windows NT 10.0; WOW64) AppleWebKit/537.36 (KHTML, like Gecko) Chrome/52.0.2743.82 Safari/537.36"
::1 - - [Wed, 10 Aug 2016 08:41:54 GMT] "GET /KindEditor/kindeditor-min.js HTTP/1.1" 304 - "http://localhost:3000/post" "Mozilla/5.0 (Windows NT 10.0; WOW64) AppleWebKit/537.36 (KHTML, like Gecko) Chrome/52.0.2743.82 Safari/537.36"
::1 - - [Wed, 10 Aug 2016 08:41:54 GMT] "GET /KindEditor/lang/zh_CN.js HTTP/1.1" 304 - "http://localhost:3000/post" "Mozilla/5.0 (Windows NT 10.0; WOW64) AppleWebKit/537.36 (KHTML, like Gecko) Chrome/52.0.2743.82 Safari/537.36"
::1 - - [Wed, 10 Aug 2016 08:41:54 GMT] "GET /KindEditor/themes/default/default.css HTTP/1.1" 304 - "http://localhost:3000/post" "Mozilla/5.0 (Windows NT 10.0; WOW64) AppleWebKit/537.36 (KHTML, like Gecko) Chrome/52.0.2743.82 Safari/537.36"
::1 - - [Wed, 10 Aug 2016 08:41:56 GMT] "GET / HTTP/1.1" 200 1387 "http://localhost:3000/post" "Mozilla/5.0 (Windows NT 10.0; WOW64) AppleWebKit/537.36 (KHTML, like Gecko) Chrome/52.0.2743.82 Safari/537.36"
::1 - - [Wed, 10 Aug 2016 08:41:56 GMT] "GET /stylesheets/style.css HTTP/1.1" 304 - "http://localhost:3000/" "Mozilla/5.0 (Windows NT 10.0; WOW64) AppleWebKit/537.36 (KHTML, like Gecko) Chrome/52.0.2743.82 Safari/537.36"
::1 - - [Wed, 10 Aug 2016 08:41:56 GMT] "GET /KindEditor/kindeditor-min.js HTTP/1.1" 304 - "http://localhost:3000/" "Mozilla/5.0 (Windows NT 10.0; WOW64) AppleWebKit/537.36 (KHTML, like Gecko) Chrome/52.0.2743.82 Safari/537.36"
::1 - - [Wed, 10 Aug 2016 08:41:56 GMT] "GET /KindEditor/lang/zh_CN.js HTTP/1.1" 304 - "http://localhost:3000/" "Mozilla/5.0 (Windows NT 10.0; WOW64) AppleWebKit/537.36 (KHTML, like Gecko) Chrome/52.0.2743.82 Safari/537.36"
::1 - - [Wed, 10 Aug 2016 08:41:56 GMT] "GET /KindEditor/themes/default/default.css HTTP/1.1" 304 - "http://localhost:3000/" "Mozilla/5.0 (Windows NT 10.0; WOW64) AppleWebKit/537.36 (KHTML, like Gecko) Chrome/52.0.2743.82 Safari/537.36"
::1 - - [Wed, 10 Aug 2016 08:41:57 GMT] "GET /logout HTTP/1.1" 302 46 "http://localhost:3000/" "Mozilla/5.0 (Windows NT 10.0; WOW64) AppleWebKit/537.36 (KHTML, like Gecko) Chrome/52.0.2743.82 Safari/537.36"
::1 - - [Wed, 10 Aug 2016 08:41:57 GMT] "GET / HTTP/1.1" 200 1357 "http://localhost:3000/" "Mozilla/5.0 (Windows NT 10.0; WOW64) AppleWebKit/537.36 (KHTML, like Gecko) Chrome/52.0.2743.82 Safari/537.36"
::1 - - [Wed, 10 Aug 2016 08:41:57 GMT] "GET /stylesheets/style.css HTTP/1.1" 304 - "http://localhost:3000/" "Mozilla/5.0 (Windows NT 10.0; WOW64) AppleWebKit/537.36 (KHTML, like Gecko) Chrome/52.0.2743.82 Safari/537.36"
::1 - - [Wed, 10 Aug 2016 08:41:57 GMT] "GET /KindEditor/kindeditor-min.js HTTP/1.1" 304 - "http://localhost:3000/" "Mozilla/5.0 (Windows NT 10.0; WOW64) AppleWebKit/537.36 (KHTML, like Gecko) Chrome/52.0.2743.82 Safari/537.36"
::1 - - [Wed, 10 Aug 2016 08:41:57 GMT] "GET /KindEditor/lang/zh_CN.js HTTP/1.1" 304 - "http://localhost:3000/" "Mozilla/5.0 (Windows NT 10.0; WOW64) AppleWebKit/537.36 (KHTML, like Gecko) Chrome/52.0.2743.82 Safari/537.36"
::1 - - [Wed, 10 Aug 2016 08:41:57 GMT] "GET /KindEditor/themes/default/default.css HTTP/1.1" 304 - "http://localhost:3000/" "Mozilla/5.0 (Windows NT 10.0; WOW64) AppleWebKit/537.36 (KHTML, like Gecko) Chrome/52.0.2743.82 Safari/537.36"
::1 - - [Wed, 10 Aug 2016 08:41:58 GMT] "GET /login HTTP/1.1" 200 1524 "http://localhost:3000/" "Mozilla/5.0 (Windows NT 10.0; WOW64) AppleWebKit/537.36 (KHTML, like Gecko) Chrome/52.0.2743.82 Safari/537.36"
::1 - - [Wed, 10 Aug 2016 08:41:58 GMT] "GET /stylesheets/style.css HTTP/1.1" 304 - "http://localhost:3000/login" "Mozilla/5.0 (Windows NT 10.0; WOW64) AppleWebKit/537.36 (KHTML, like Gecko) Chrome/52.0.2743.82 Safari/537.36"
::1 - - [Wed, 10 Aug 2016 08:41:58 GMT] "GET /KindEditor/kindeditor-min.js HTTP/1.1" 304 - "http://localhost:3000/login" "Mozilla/5.0 (Windows NT 10.0; WOW64) AppleWebKit/537.36 (KHTML, like Gecko) Chrome/52.0.2743.82 Safari/537.36"
::1 - - [Wed, 10 Aug 2016 08:41:58 GMT] "GET /KindEditor/lang/zh_CN.js HTTP/1.1" 304 - "http://localhost:3000/login" "Mozilla/5.0 (Windows NT 10.0; WOW64) AppleWebKit/537.36 (KHTML, like Gecko) Chrome/52.0.2743.82 Safari/537.36"
::1 - - [Wed, 10 Aug 2016 08:41:58 GMT] "GET /KindEditor/themes/default/default.css HTTP/1.1" 304 - "http://localhost:3000/login" "Mozilla/5.0 (Windows NT 10.0; WOW64) AppleWebKit/537.36 (KHTML, like Gecko) Chrome/52.0.2743.82 Safari/537.36"
::1 - - [Wed, 10 Aug 2016 08:42:49 GMT] "GET /login/github HTTP/1.1" 302 0 "http://localhost:3000/login" "Mozilla/5.0 (Windows NT 10.0; WOW64) AppleWebKit/537.36 (KHTML, like Gecko) Chrome/52.0.2743.82 Safari/537.36"
::1 - - [Thu, 11 Aug 2016 10:00:51 GMT] "GET / HTTP/1.1" 200 4482 "-" "Mozilla/5.0 (Windows NT 10.0; WOW64) AppleWebKit/537.36 (KHTML, like Gecko) Chrome/52.0.2743.82 Safari/537.36"
::1 - - [Thu, 11 Aug 2016 10:00:52 GMT] "GET /stylesheets/style.css HTTP/1.1" 304 - "http://localhost:3000/" "Mozilla/5.0 (Windows NT 10.0; WOW64) AppleWebKit/537.36 (KHTML, like Gecko) Chrome/52.0.2743.82 Safari/537.36"
::1 - - [Thu, 11 Aug 2016 10:00:52 GMT] "GET /KindEditor/kindeditor-min.js HTTP/1.1" 304 - "http://localhost:3000/" "Mozilla/5.0 (Windows NT 10.0; WOW64) AppleWebKit/537.36 (KHTML, like Gecko) Chrome/52.0.2743.82 Safari/537.36"
::1 - - [Thu, 11 Aug 2016 10:00:52 GMT] "GET /KindEditor/lang/zh_CN.js HTTP/1.1" 304 - "http://localhost:3000/" "Mozilla/5.0 (Windows NT 10.0; WOW64) AppleWebKit/537.36 (KHTML, like Gecko) Chrome/52.0.2743.82 Safari/537.36"
::1 - - [Thu, 11 Aug 2016 10:00:52 GMT] "GET /KindEditor/themes/default/default.css HTTP/1.1" 304 - "http://localhost:3000/" "Mozilla/5.0 (Windows NT 10.0; WOW64) AppleWebKit/537.36 (KHTML, like Gecko) Chrome/52.0.2743.82 Safari/537.36"
::1 - - [Thu, 11 Aug 2016 10:00:52 GMT] "GET / HTTP/1.1" 304 - "-" "Mozilla/5.0 (Windows NT 10.0; WOW64) AppleWebKit/537.36 (KHTML, like Gecko) Chrome/52.0.2743.82 Safari/537.36"
::1 - - [Thu, 11 Aug 2016 10:00:52 GMT] "GET /stylesheets/style.css HTTP/1.1" 304 - "http://localhost:3000/" "Mozilla/5.0 (Windows NT 10.0; WOW64) AppleWebKit/537.36 (KHTML, like Gecko) Chrome/52.0.2743.82 Safari/537.36"
::1 - - [Thu, 11 Aug 2016 10:00:52 GMT] "GET /KindEditor/kindeditor-min.js HTTP/1.1" 304 - "http://localhost:3000/" "Mozilla/5.0 (Windows NT 10.0; WOW64) AppleWebKit/537.36 (KHTML, like Gecko) Chrome/52.0.2743.82 Safari/537.36"
::1 - - [Thu, 11 Aug 2016 10:00:52 GMT] "GET /KindEditor/lang/zh_CN.js HTTP/1.1" 304 - "http://localhost:3000/" "Mozilla/5.0 (Windows NT 10.0; WOW64) AppleWebKit/537.36 (KHTML, like Gecko) Chrome/52.0.2743.82 Safari/537.36"
::1 - - [Thu, 11 Aug 2016 10:00:52 GMT] "GET /KindEditor/themes/default/default.css HTTP/1.1" 304 - "http://localhost:3000/" "Mozilla/5.0 (Windows NT 10.0; WOW64) AppleWebKit/537.36 (KHTML, like Gecko) Chrome/52.0.2743.82 Safari/537.36"
::1 - - [Thu, 11 Aug 2016 10:00:56 GMT] "GET /u/abc/2016-8-11/my%20heat%20will%20go%20on HTTP/1.1" 200 5039 "http://localhost:3000/" "Mozilla/5.0 (Windows NT 10.0; WOW64) AppleWebKit/537.36 (KHTML, like Gecko) Chrome/52.0.2743.82 Safari/537.36"
::1 - - [Thu, 11 Aug 2016 10:00:56 GMT] "GET /stylesheets/style.css HTTP/1.1" 304 - "http://localhost:3000/u/abc/2016-8-11/my%20heat%20will%20go%20on" "Mozilla/5.0 (Windows NT 10.0; WOW64) AppleWebKit/537.36 (KHTML, like Gecko) Chrome/52.0.2743.82 Safari/537.36"
::1 - - [Thu, 11 Aug 2016 10:00:56 GMT] "GET /KindEditor/lang/zh_CN.js HTTP/1.1" 304 - "http://localhost:3000/u/abc/2016-8-11/my%20heat%20will%20go%20on" "Mozilla/5.0 (Windows NT 10.0; WOW64) AppleWebKit/537.36 (KHTML, like Gecko) Chrome/52.0.2743.82 Safari/537.36"
::1 - - [Thu, 11 Aug 2016 10:00:56 GMT] "GET /KindEditor/kindeditor-min.js HTTP/1.1" 304 - "http://localhost:3000/u/abc/2016-8-11/my%20heat%20will%20go%20on" "Mozilla/5.0 (Windows NT 10.0; WOW64) AppleWebKit/537.36 (KHTML, like Gecko) Chrome/52.0.2743.82 Safari/537.36"
::1 - - [Thu, 11 Aug 2016 10:00:56 GMT] "GET /KindEditor/themes/default/default.css HTTP/1.1" 304 - "http://localhost:3000/u/abc/2016-8-11/my%20heat%20will%20go%20on" "Mozilla/5.0 (Windows NT 10.0; WOW64) AppleWebKit/537.36 (KHTML, like Gecko) Chrome/52.0.2743.82 Safari/537.36"
::1 - - [Thu, 11 Aug 2016 10:00:56 GMT] "GET /KindEditor/themes/default/default.png HTTP/1.1" 304 - "http://localhost:3000/KindEditor/themes/default/default.css" "Mozilla/5.0 (Windows NT 10.0; WOW64) AppleWebKit/537.36 (KHTML, like Gecko) Chrome/52.0.2743.82 Safari/537.36"
::1 - - [Thu, 11 Aug 2016 10:01:06 GMT] "GET /post HTTP/1.1" 200 1694 "http://localhost:3000/u/abc/2016-8-11/my%20heat%20will%20go%20on" "Mozilla/5.0 (Windows NT 10.0; WOW64) AppleWebKit/537.36 (KHTML, like Gecko) Chrome/52.0.2743.82 Safari/537.36"
::1 - - [Thu, 11 Aug 2016 10:01:06 GMT] "GET /stylesheets/style.css HTTP/1.1" 304 - "http://localhost:3000/post" "Mozilla/5.0 (Windows NT 10.0; WOW64) AppleWebKit/537.36 (KHTML, like Gecko) Chrome/52.0.2743.82 Safari/537.36"
::1 - - [Thu, 11 Aug 2016 10:01:06 GMT] "GET /KindEditor/kindeditor-min.js HTTP/1.1" 304 - "http://localhost:3000/post" "Mozilla/5.0 (Windows NT 10.0; WOW64) AppleWebKit/537.36 (KHTML, like Gecko) Chrome/52.0.2743.82 Safari/537.36"
::1 - - [Thu, 11 Aug 2016 10:01:06 GMT] "GET /KindEditor/lang/zh_CN.js HTTP/1.1" 304 - "http://localhost:3000/post" "Mozilla/5.0 (Windows NT 10.0; WOW64) AppleWebKit/537.36 (KHTML, like Gecko) Chrome/52.0.2743.82 Safari/537.36"
::1 - - [Thu, 11 Aug 2016 10:01:06 GMT] "GET /KindEditor/themes/default/default.css HTTP/1.1" 304 - "http://localhost:3000/post" "Mozilla/5.0 (Windows NT 10.0; WOW64) AppleWebKit/537.36 (KHTML, like Gecko) Chrome/52.0.2743.82 Safari/537.36"
::1 - - [Thu, 11 Aug 2016 10:01:24 GMT] "POST /post HTTP/1.1" 302 46 "http://localhost:3000/post" "Mozilla/5.0 (Windows NT 10.0; WOW64) AppleWebKit/537.36 (KHTML, like Gecko) Chrome/52.0.2743.82 Safari/537.36"
::1 - - [Thu, 11 Aug 2016 10:01:24 GMT] "GET / HTTP/1.1" 200 5093 "http://localhost:3000/post" "Mozilla/5.0 (Windows NT 10.0; WOW64) AppleWebKit/537.36 (KHTML, like Gecko) Chrome/52.0.2743.82 Safari/537.36"
::1 - - [Thu, 11 Aug 2016 10:01:24 GMT] "GET /stylesheets/style.css HTTP/1.1" 304 - "http://localhost:3000/" "Mozilla/5.0 (Windows NT 10.0; WOW64) AppleWebKit/537.36 (KHTML, like Gecko) Chrome/52.0.2743.82 Safari/537.36"
::1 - - [Thu, 11 Aug 2016 10:01:24 GMT] "GET /KindEditor/kindeditor-min.js HTTP/1.1" 304 - "http://localhost:3000/" "Mozilla/5.0 (Windows NT 10.0; WOW64) AppleWebKit/537.36 (KHTML, like Gecko) Chrome/52.0.2743.82 Safari/537.36"
::1 - - [Thu, 11 Aug 2016 10:01:24 GMT] "GET /KindEditor/lang/zh_CN.js HTTP/1.1" 304 - "http://localhost:3000/" "Mozilla/5.0 (Windows NT 10.0; WOW64) AppleWebKit/537.36 (KHTML, like Gecko) Chrome/52.0.2743.82 Safari/537.36"
::1 - - [Thu, 11 Aug 2016 10:01:24 GMT] "GET /KindEditor/themes/default/default.css HTTP/1.1" 304 - "http://localhost:3000/" "Mozilla/5.0 (Windows NT 10.0; WOW64) AppleWebKit/537.36 (KHTML, like Gecko) Chrome/52.0.2743.82 Safari/537.36"
::1 - - [Thu, 11 Aug 2016 10:01:26 GMT] "GET /u/abc HTTP/1.1" 200 217 "http://localhost:3000/" "Mozilla/5.0 (Windows NT 10.0; WOW64) AppleWebKit/537.36 (KHTML, like Gecko) Chrome/52.0.2743.82 Safari/537.36"
::1 - - [Thu, 11 Aug 2016 10:02:01 GMT] "GET /u/abc/2016-8-11/test HTTP/1.1" 200 2269 "http://localhost:3000/" "Mozilla/5.0 (Windows NT 10.0; WOW64) AppleWebKit/537.36 (KHTML, like Gecko) Chrome/52.0.2743.82 Safari/537.36"
::1 - - [Thu, 11 Aug 2016 10:02:01 GMT] "GET /stylesheets/style.css HTTP/1.1" 304 - "http://localhost:3000/u/abc/2016-8-11/test" "Mozilla/5.0 (Windows NT 10.0; WOW64) AppleWebKit/537.36 (KHTML, like Gecko) Chrome/52.0.2743.82 Safari/537.36"
::1 - - [Thu, 11 Aug 2016 10:02:01 GMT] "GET /KindEditor/kindeditor-min.js HTTP/1.1" 304 - "http://localhost:3000/u/abc/2016-8-11/test" "Mozilla/5.0 (Windows NT 10.0; WOW64) AppleWebKit/537.36 (KHTML, like Gecko) Chrome/52.0.2743.82 Safari/537.36"
::1 - - [Thu, 11 Aug 2016 10:02:01 GMT] "GET /KindEditor/lang/zh_CN.js HTTP/1.1" 304 - "http://localhost:3000/u/abc/2016-8-11/test" "Mozilla/5.0 (Windows NT 10.0; WOW64) AppleWebKit/537.36 (KHTML, like Gecko) Chrome/52.0.2743.82 Safari/537.36"
::1 - - [Thu, 11 Aug 2016 10:02:01 GMT] "GET /KindEditor/themes/default/default.css HTTP/1.1" 304 - "http://localhost:3000/u/abc/2016-8-11/test" "Mozilla/5.0 (Windows NT 10.0; WOW64) AppleWebKit/537.36 (KHTML, like Gecko) Chrome/52.0.2743.82 Safari/537.36"
::1 - - [Thu, 11 Aug 2016 10:02:07 GMT] "POST /u/abc/2016-8-11/test HTTP/1.1" 302 128 "http://localhost:3000/u/abc/2016-8-11/test" "Mozilla/5.0 (Windows NT 10.0; WOW64) AppleWebKit/537.36 (KHTML, like Gecko) Chrome/52.0.2743.82 Safari/537.36"
::1 - - [Thu, 11 Aug 2016 10:02:07 GMT] "GET /u/abc/2016-8-11/test HTTP/1.1" 200 2558 "http://localhost:3000/u/abc/2016-8-11/test" "Mozilla/5.0 (Windows NT 10.0; WOW64) AppleWebKit/537.36 (KHTML, like Gecko) Chrome/52.0.2743.82 Safari/537.36"
::1 - - [Thu, 11 Aug 2016 10:02:07 GMT] "GET /stylesheets/style.css HTTP/1.1" 304 - "http://localhost:3000/u/abc/2016-8-11/test" "Mozilla/5.0 (Windows NT 10.0; WOW64) AppleWebKit/537.36 (KHTML, like Gecko) Chrome/52.0.2743.82 Safari/537.36"
::1 - - [Thu, 11 Aug 2016 10:02:07 GMT] "GET /KindEditor/lang/zh_CN.js HTTP/1.1" 304 - "http://localhost:3000/u/abc/2016-8-11/test" "Mozilla/5.0 (Windows NT 10.0; WOW64) AppleWebKit/537.36 (KHTML, like Gecko) Chrome/52.0.2743.82 Safari/537.36"
::1 - - [Thu, 11 Aug 2016 10:02:07 GMT] "GET /KindEditor/kindeditor-min.js HTTP/1.1" 304 - "http://localhost:3000/u/abc/2016-8-11/test" "Mozilla/5.0 (Windows NT 10.0; WOW64) AppleWebKit/537.36 (KHTML, like Gecko) Chrome/52.0.2743.82 Safari/537.36"
::1 - - [Thu, 11 Aug 2016 10:02:07 GMT] "GET /KindEditor/themes/default/default.css HTTP/1.1" 304 - "http://localhost:3000/u/abc/2016-8-11/test" "Mozilla/5.0 (Windows NT 10.0; WOW64) AppleWebKit/537.36 (KHTML, like Gecko) Chrome/52.0.2743.82 Safari/537.36"
::1 - - [Thu, 11 Aug 2016 10:03:32 GMT] "GET /u/abc/2016-8-11/test HTTP/1.1" 200 2725 "http://localhost:3000/u/abc/2016-8-11/test" "Mozilla/5.0 (Windows NT 10.0; WOW64) AppleWebKit/537.36 (KHTML, like Gecko) Chrome/52.0.2743.82 Safari/537.36"
::1 - - [Thu, 11 Aug 2016 10:03:32 GMT] "GET /stylesheets/style.css HTTP/1.1" 304 - "http://localhost:3000/u/abc/2016-8-11/test" "Mozilla/5.0 (Windows NT 10.0; WOW64) AppleWebKit/537.36 (KHTML, like Gecko) Chrome/52.0.2743.82 Safari/537.36"
::1 - - [Thu, 11 Aug 2016 10:03:32 GMT] "GET /KindEditor/kindeditor-min.js HTTP/1.1" 304 - "http://localhost:3000/u/abc/2016-8-11/test" "Mozilla/5.0 (Windows NT 10.0; WOW64) AppleWebKit/537.36 (KHTML, like Gecko) Chrome/52.0.2743.82 Safari/537.36"
::1 - - [Thu, 11 Aug 2016 10:03:32 GMT] "GET /KindEditor/lang/zh_CN.js HTTP/1.1" 304 - "http://localhost:3000/u/abc/2016-8-11/test" "Mozilla/5.0 (Windows NT 10.0; WOW64) AppleWebKit/537.36 (KHTML, like Gecko) Chrome/52.0.2743.82 Safari/537.36"
::1 - - [Thu, 11 Aug 2016 10:03:32 GMT] "GET /KindEditor/themes/default/default.css HTTP/1.1" 304 - "http://localhost:3000/u/abc/2016-8-11/test" "Mozilla/5.0 (Windows NT 10.0; WOW64) AppleWebKit/537.36 (KHTML, like Gecko) Chrome/52.0.2743.82 Safari/537.36"
::1 - - [Thu, 11 Aug 2016 10:07:54 GMT] "GET /u/abc/2016-8-11/test HTTP/1.1" 200 2725 "http://localhost:3000/u/abc/2016-8-11/test" "Mozilla/5.0 (Windows NT 10.0; WOW64) AppleWebKit/537.36 (KHTML, like Gecko) Chrome/52.0.2743.82 Safari/537.36"
::1 - - [Thu, 11 Aug 2016 10:07:54 GMT] "GET /KindEditor/kindeditor-min.js HTTP/1.1" 304 - "http://localhost:3000/u/abc/2016-8-11/test" "Mozilla/5.0 (Windows NT 10.0; WOW64) AppleWebKit/537.36 (KHTML, like Gecko) Chrome/52.0.2743.82 Safari/537.36"
::1 - - [Thu, 11 Aug 2016 10:07:54 GMT] "GET /stylesheets/style.css HTTP/1.1" 304 - "http://localhost:3000/u/abc/2016-8-11/test" "Mozilla/5.0 (Windows NT 10.0; WOW64) AppleWebKit/537.36 (KHTML, like Gecko) Chrome/52.0.2743.82 Safari/537.36"
::1 - - [Thu, 11 Aug 2016 10:07:54 GMT] "GET /KindEditor/lang/zh_CN.js HTTP/1.1" 304 - "http://localhost:3000/u/abc/2016-8-11/test" "Mozilla/5.0 (Windows NT 10.0; WOW64) AppleWebKit/537.36 (KHTML, like Gecko) Chrome/52.0.2743.82 Safari/537.36"
::1 - - [Thu, 11 Aug 2016 10:07:54 GMT] "GET /KindEditor/themes/default/default.css HTTP/1.1" 304 - "http://localhost:3000/u/abc/2016-8-11/test" "Mozilla/5.0 (Windows NT 10.0; WOW64) AppleWebKit/537.36 (KHTML, like Gecko) Chrome/52.0.2743.82 Safari/537.36"
::1 - - [Thu, 11 Aug 2016 10:08:05 GMT] "GET /u/abc/2016-8-11/test HTTP/1.1" 200 2725 "http://localhost:3000/u/abc/2016-8-11/test" "Mozilla/5.0 (Windows NT 10.0; WOW64) AppleWebKit/537.36 (KHTML, like Gecko) Chrome/52.0.2743.82 Safari/537.36"
::1 - - [Thu, 11 Aug 2016 10:08:05 GMT] "GET /stylesheets/style.css HTTP/1.1" 304 - "http://localhost:3000/u/abc/2016-8-11/test" "Mozilla/5.0 (Windows NT 10.0; WOW64) AppleWebKit/537.36 (KHTML, like Gecko) Chrome/52.0.2743.82 Safari/537.36"
::1 - - [Thu, 11 Aug 2016 10:08:05 GMT] "GET /KindEditor/kindeditor-min.js HTTP/1.1" 304 - "http://localhost:3000/u/abc/2016-8-11/test" "Mozilla/5.0 (Windows NT 10.0; WOW64) AppleWebKit/537.36 (KHTML, like Gecko) Chrome/52.0.2743.82 Safari/537.36"
::1 - - [Thu, 11 Aug 2016 10:08:05 GMT] "GET /KindEditor/lang/zh_CN.js HTTP/1.1" 304 - "http://localhost:3000/u/abc/2016-8-11/test" "Mozilla/5.0 (Windows NT 10.0; WOW64) AppleWebKit/537.36 (KHTML, like Gecko) Chrome/52.0.2743.82 Safari/537.36"
::1 - - [Thu, 11 Aug 2016 10:08:05 GMT] "GET /KindEditor/themes/default/default.css HTTP/1.1" 304 - "http://localhost:3000/u/abc/2016-8-11/test" "Mozilla/5.0 (Windows NT 10.0; WOW64) AppleWebKit/537.36 (KHTML, like Gecko) Chrome/52.0.2743.82 Safari/537.36"
::1 - - [Thu, 11 Aug 2016 10:10:06 GMT] "GET /u/abc/2016-8-11/test HTTP/1.1" 200 2725 "http://localhost:3000/u/abc/2016-8-11/test" "Mozilla/5.0 (Windows NT 10.0; WOW64) AppleWebKit/537.36 (KHTML, like Gecko) Chrome/52.0.2743.82 Safari/537.36"
::1 - - [Thu, 11 Aug 2016 10:10:06 GMT] "GET /KindEditor/kindeditor-min.js HTTP/1.1" 304 - "http://localhost:3000/u/abc/2016-8-11/test" "Mozilla/5.0 (Windows NT 10.0; WOW64) AppleWebKit/537.36 (KHTML, like Gecko) Chrome/52.0.2743.82 Safari/537.36"
::1 - - [Thu, 11 Aug 2016 10:10:06 GMT] "GET /KindEditor/lang/zh_CN.js HTTP/1.1" 304 - "http://localhost:3000/u/abc/2016-8-11/test" "Mozilla/5.0 (Windows NT 10.0; WOW64) AppleWebKit/537.36 (KHTML, like Gecko) Chrome/52.0.2743.82 Safari/537.36"
::1 - - [Thu, 11 Aug 2016 10:10:06 GMT] "GET /stylesheets/style.css HTTP/1.1" 304 - "http://localhost:3000/u/abc/2016-8-11/test" "Mozilla/5.0 (Windows NT 10.0; WOW64) AppleWebKit/537.36 (KHTML, like Gecko) Chrome/52.0.2743.82 Safari/537.36"
::1 - - [Thu, 11 Aug 2016 10:10:06 GMT] "GET /KindEditor/themes/default/default.css HTTP/1.1" 304 - "http://localhost:3000/u/abc/2016-8-11/test" "Mozilla/5.0 (Windows NT 10.0; WOW64) AppleWebKit/537.36 (KHTML, like Gecko) Chrome/52.0.2743.82 Safari/537.36"
::1 - - [Thu, 11 Aug 2016 10:10:22 GMT] "GET /u/abc/2016-8-11/test HTTP/1.1" 200 2526 "http://localhost:3000/u/abc/2016-8-11/test" "Mozilla/5.0 (Windows NT 10.0; WOW64) AppleWebKit/537.36 (KHTML, like Gecko) Chrome/52.0.2743.82 Safari/537.36"
::1 - - [Thu, 11 Aug 2016 10:10:22 GMT] "GET /stylesheets/style.css HTTP/1.1" 304 - "http://localhost:3000/u/abc/2016-8-11/test" "Mozilla/5.0 (Windows NT 10.0; WOW64) AppleWebKit/537.36 (KHTML, like Gecko) Chrome/52.0.2743.82 Safari/537.36"
::1 - - [Thu, 11 Aug 2016 10:10:22 GMT] "GET /KindEditor/kindeditor-min.js HTTP/1.1" 304 - "http://localhost:3000/u/abc/2016-8-11/test" "Mozilla/5.0 (Windows NT 10.0; WOW64) AppleWebKit/537.36 (KHTML, like Gecko) Chrome/52.0.2743.82 Safari/537.36"
::1 - - [Thu, 11 Aug 2016 10:10:23 GMT] "GET /KindEditor/lang/zh_CN.js HTTP/1.1" 304 - "http://localhost:3000/u/abc/2016-8-11/test" "Mozilla/5.0 (Windows NT 10.0; WOW64) AppleWebKit/537.36 (KHTML, like Gecko) Chrome/52.0.2743.82 Safari/537.36"
::1 - - [Thu, 11 Aug 2016 10:10:23 GMT] "GET /KindEditor/themes/default/default.css HTTP/1.1" 304 - "http://localhost:3000/u/abc/2016-8-11/test" "Mozilla/5.0 (Windows NT 10.0; WOW64) AppleWebKit/537.36 (KHTML, like Gecko) Chrome/52.0.2743.82 Safari/537.36"
::1 - - [Thu, 11 Aug 2016 10:10:23 GMT] "GET /KindEditor/themes/default/default.png HTTP/1.1" 304 - "http://localhost:3000/KindEditor/themes/default/default.css" "Mozilla/5.0 (Windows NT 10.0; WOW64) AppleWebKit/537.36 (KHTML, like Gecko) Chrome/52.0.2743.82 Safari/537.36"
::1 - - [Thu, 11 Aug 2016 10:11:32 GMT] "GET /u/abc/2016-8-11/test HTTP/1.1" 200 217 "http://localhost:3000/u/abc/2016-8-11/test" "Mozilla/5.0 (Windows NT 10.0; WOW64) AppleWebKit/537.36 (KHTML, like Gecko) Chrome/52.0.2743.82 Safari/537.36"
::1 - - [Thu, 11 Aug 2016 10:12:16 GMT] "GET /u/abc HTTP/1.1" 304 - "-" "Mozilla/5.0 (Windows NT 10.0; WOW64) AppleWebKit/537.36 (KHTML, like Gecko) Chrome/52.0.2743.82 Safari/537.36"
::1 - - [Thu, 11 Aug 2016 10:12:33 GMT] "GET /u/abc HTTP/1.1" 304 - "-" "Mozilla/5.0 (Windows NT 10.0; WOW64) AppleWebKit/537.36 (KHTML, like Gecko) Chrome/52.0.2743.82 Safari/537.36"
::1 - - [Thu, 11 Aug 2016 10:12:40 GMT] "GET /u/abc/2016-8-11/my%20heat%20will%20go%20on HTTP/1.1" 200 5039 "http://localhost:3000/" "Mozilla/5.0 (Windows NT 10.0; WOW64) AppleWebKit/537.36 (KHTML, like Gecko) Chrome/52.0.2743.82 Safari/537.36"
::1 - - [Thu, 11 Aug 2016 10:12:40 GMT] "GET /stylesheets/style.css HTTP/1.1" 304 - "http://localhost:3000/u/abc/2016-8-11/my%20heat%20will%20go%20on" "Mozilla/5.0 (Windows NT 10.0; WOW64) AppleWebKit/537.36 (KHTML, like Gecko) Chrome/52.0.2743.82 Safari/537.36"
::1 - - [Thu, 11 Aug 2016 10:12:40 GMT] "GET /KindEditor/kindeditor-min.js HTTP/1.1" 304 - "http://localhost:3000/u/abc/2016-8-11/my%20heat%20will%20go%20on" "Mozilla/5.0 (Windows NT 10.0; WOW64) AppleWebKit/537.36 (KHTML, like Gecko) Chrome/52.0.2743.82 Safari/537.36"
::1 - - [Thu, 11 Aug 2016 10:12:40 GMT] "GET /KindEditor/lang/zh_CN.js HTTP/1.1" 304 - "http://localhost:3000/u/abc/2016-8-11/my%20heat%20will%20go%20on" "Mozilla/5.0 (Windows NT 10.0; WOW64) AppleWebKit/537.36 (KHTML, like Gecko) Chrome/52.0.2743.82 Safari/537.36"
::1 - - [Thu, 11 Aug 2016 10:12:40 GMT] "GET /KindEditor/themes/default/default.css HTTP/1.1" 304 - "http://localhost:3000/u/abc/2016-8-11/my%20heat%20will%20go%20on" "Mozilla/5.0 (Windows NT 10.0; WOW64) AppleWebKit/537.36 (KHTML, like Gecko) Chrome/52.0.2743.82 Safari/537.36"
::1 - - [Thu, 11 Aug 2016 10:12:40 GMT] "GET /KindEditor/themes/default/default.png HTTP/1.1" 304 - "http://localhost:3000/KindEditor/themes/default/default.css" "Mozilla/5.0 (Windows NT 10.0; WOW64) AppleWebKit/537.36 (KHTML, like Gecko) Chrome/52.0.2743.82 Safari/537.36"
::1 - - [Thu, 11 Aug 2016 10:12:41 GMT] "GET /archive HTTP/1.1" 200 1641 "http://localhost:3000/u/abc/2016-8-11/my%20heat%20will%20go%20on" "Mozilla/5.0 (Windows NT 10.0; WOW64) AppleWebKit/537.36 (KHTML, like Gecko) Chrome/52.0.2743.82 Safari/537.36"
::1 - - [Thu, 11 Aug 2016 10:12:41 GMT] "GET /KindEditor/kindeditor-min.js HTTP/1.1" 304 - "http://localhost:3000/archive" "Mozilla/5.0 (Windows NT 10.0; WOW64) AppleWebKit/537.36 (KHTML, like Gecko) Chrome/52.0.2743.82 Safari/537.36"
::1 - - [Thu, 11 Aug 2016 10:12:41 GMT] "GET /KindEditor/lang/zh_CN.js HTTP/1.1" 304 - "http://localhost:3000/archive" "Mozilla/5.0 (Windows NT 10.0; WOW64) AppleWebKit/537.36 (KHTML, like Gecko) Chrome/52.0.2743.82 Safari/537.36"
::1 - - [Thu, 11 Aug 2016 10:12:41 GMT] "GET /stylesheets/style.css HTTP/1.1" 304 - "http://localhost:3000/archive" "Mozilla/5.0 (Windows NT 10.0; WOW64) AppleWebKit/537.36 (KHTML, like Gecko) Chrome/52.0.2743.82 Safari/537.36"
::1 - - [Thu, 11 Aug 2016 10:12:41 GMT] "GET /KindEditor/themes/default/default.css HTTP/1.1" 304 - "http://localhost:3000/archive" "Mozilla/5.0 (Windows NT 10.0; WOW64) AppleWebKit/537.36 (KHTML, like Gecko) Chrome/52.0.2743.82 Safari/537.36"
::1 - - [Thu, 11 Aug 2016 10:12:42 GMT] "GET / HTTP/1.1" 200 5061 "http://localhost:3000/archive" "Mozilla/5.0 (Windows NT 10.0; WOW64) AppleWebKit/537.36 (KHTML, like Gecko) Chrome/52.0.2743.82 Safari/537.36"
::1 - - [Thu, 11 Aug 2016 10:12:42 GMT] "GET /stylesheets/style.css HTTP/1.1" 304 - "http://localhost:3000/" "Mozilla/5.0 (Windows NT 10.0; WOW64) AppleWebKit/537.36 (KHTML, like Gecko) Chrome/52.0.2743.82 Safari/537.36"
::1 - - [Thu, 11 Aug 2016 10:12:42 GMT] "GET /KindEditor/kindeditor-min.js HTTP/1.1" 304 - "http://localhost:3000/" "Mozilla/5.0 (Windows NT 10.0; WOW64) AppleWebKit/537.36 (KHTML, like Gecko) Chrome/52.0.2743.82 Safari/537.36"
::1 - - [Thu, 11 Aug 2016 10:12:42 GMT] "GET /KindEditor/lang/zh_CN.js HTTP/1.1" 304 - "http://localhost:3000/" "Mozilla/5.0 (Windows NT 10.0; WOW64) AppleWebKit/537.36 (KHTML, like Gecko) Chrome/52.0.2743.82 Safari/537.36"
::1 - - [Thu, 11 Aug 2016 10:12:42 GMT] "GET /KindEditor/themes/default/default.css HTTP/1.1" 304 - "http://localhost:3000/" "Mozilla/5.0 (Windows NT 10.0; WOW64) AppleWebKit/537.36 (KHTML, like Gecko) Chrome/52.0.2743.82 Safari/537.36"
::1 - - [Thu, 11 Aug 2016 10:12:44 GMT] "GET /post HTTP/1.1" 200 1694 "http://localhost:3000/" "Mozilla/5.0 (Windows NT 10.0; WOW64) AppleWebKit/537.36 (KHTML, like Gecko) Chrome/52.0.2743.82 Safari/537.36"
::1 - - [Thu, 11 Aug 2016 10:12:44 GMT] "GET /stylesheets/style.css HTTP/1.1" 304 - "http://localhost:3000/post" "Mozilla/5.0 (Windows NT 10.0; WOW64) AppleWebKit/537.36 (KHTML, like Gecko) Chrome/52.0.2743.82 Safari/537.36"
::1 - - [Thu, 11 Aug 2016 10:12:44 GMT] "GET /KindEditor/kindeditor-min.js HTTP/1.1" 304 - "http://localhost:3000/post" "Mozilla/5.0 (Windows NT 10.0; WOW64) AppleWebKit/537.36 (KHTML, like Gecko) Chrome/52.0.2743.82 Safari/537.36"
::1 - - [Thu, 11 Aug 2016 10:12:44 GMT] "GET /KindEditor/lang/zh_CN.js HTTP/1.1" 304 - "http://localhost:3000/post" "Mozilla/5.0 (Windows NT 10.0; WOW64) AppleWebKit/537.36 (KHTML, like Gecko) Chrome/52.0.2743.82 Safari/537.36"
::1 - - [Thu, 11 Aug 2016 10:12:44 GMT] "GET /KindEditor/themes/default/default.css HTTP/1.1" 304 - "http://localhost:3000/post" "Mozilla/5.0 (Windows NT 10.0; WOW64) AppleWebKit/537.36 (KHTML, like Gecko) Chrome/52.0.2743.82 Safari/537.36"
::1 - - [Thu, 11 Aug 2016 10:12:44 GMT] "GET /KindEditor/themes/default/default.png HTTP/1.1" 304 - "http://localhost:3000/post" "Mozilla/5.0 (Windows NT 10.0; WOW64) AppleWebKit/537.36 (KHTML, like Gecko) Chrome/52.0.2743.82 Safari/537.36"
::1 - - [Thu, 11 Aug 2016 10:12:45 GMT] "GET /archive HTTP/1.1" 304 - "http://localhost:3000/post" "Mozilla/5.0 (Windows NT 10.0; WOW64) AppleWebKit/537.36 (KHTML, like Gecko) Chrome/52.0.2743.82 Safari/537.36"
::1 - - [Thu, 11 Aug 2016 10:12:45 GMT] "GET /stylesheets/style.css HTTP/1.1" 304 - "http://localhost:3000/archive" "Mozilla/5.0 (Windows NT 10.0; WOW64) AppleWebKit/537.36 (KHTML, like Gecko) Chrome/52.0.2743.82 Safari/537.36"
::1 - - [Thu, 11 Aug 2016 10:12:45 GMT] "GET /KindEditor/kindeditor-min.js HTTP/1.1" 304 - "http://localhost:3000/archive" "Mozilla/5.0 (Windows NT 10.0; WOW64) AppleWebKit/537.36 (KHTML, like Gecko) Chrome/52.0.2743.82 Safari/537.36"
::1 - - [Thu, 11 Aug 2016 10:12:45 GMT] "GET /KindEditor/lang/zh_CN.js HTTP/1.1" 304 - "http://localhost:3000/archive" "Mozilla/5.0 (Windows NT 10.0; WOW64) AppleWebKit/537.36 (KHTML, like Gecko) Chrome/52.0.2743.82 Safari/537.36"
::1 - - [Thu, 11 Aug 2016 10:12:45 GMT] "GET /KindEditor/themes/default/default.css HTTP/1.1" 304 - "http://localhost:3000/archive" "Mozilla/5.0 (Windows NT 10.0; WOW64) AppleWebKit/537.36 (KHTML, like Gecko) Chrome/52.0.2743.82 Safari/537.36"
::1 - - [Thu, 11 Aug 2016 10:12:47 GMT] "GET / HTTP/1.1" 304 - "http://localhost:3000/archive" "Mozilla/5.0 (Windows NT 10.0; WOW64) AppleWebKit/537.36 (KHTML, like Gecko) Chrome/52.0.2743.82 Safari/537.36"
::1 - - [Thu, 11 Aug 2016 10:12:47 GMT] "GET /stylesheets/style.css HTTP/1.1" 304 - "http://localhost:3000/" "Mozilla/5.0 (Windows NT 10.0; WOW64) AppleWebKit/537.36 (KHTML, like Gecko) Chrome/52.0.2743.82 Safari/537.36"
::1 - - [Thu, 11 Aug 2016 10:12:47 GMT] "GET /KindEditor/kindeditor-min.js HTTP/1.1" 304 - "http://localhost:3000/" "Mozilla/5.0 (Windows NT 10.0; WOW64) AppleWebKit/537.36 (KHTML, like Gecko) Chrome/52.0.2743.82 Safari/537.36"
::1 - - [Thu, 11 Aug 2016 10:12:47 GMT] "GET /KindEditor/lang/zh_CN.js HTTP/1.1" 304 - "http://localhost:3000/" "Mozilla/5.0 (Windows NT 10.0; WOW64) AppleWebKit/537.36 (KHTML, like Gecko) Chrome/52.0.2743.82 Safari/537.36"
::1 - - [Thu, 11 Aug 2016 10:12:47 GMT] "GET /KindEditor/themes/default/default.css HTTP/1.1" 304 - "http://localhost:3000/" "Mozilla/5.0 (Windows NT 10.0; WOW64) AppleWebKit/537.36 (KHTML, like Gecko) Chrome/52.0.2743.82 Safari/537.36"
::1 - - [Thu, 11 Aug 2016 10:12:50 GMT] "GET /u/abc HTTP/1.1" 304 - "http://localhost:3000/" "Mozilla/5.0 (Windows NT 10.0; WOW64) AppleWebKit/537.36 (KHTML, like Gecko) Chrome/52.0.2743.82 Safari/537.36"
::1 - - [Thu, 11 Aug 2016 10:16:03 GMT] "GET /u/abc/2016-8-11/test HTTP/1.1" 200 2654 "http://localhost:3000/" "Mozilla/5.0 (Windows NT 10.0; WOW64) AppleWebKit/537.36 (KHTML, like Gecko) Chrome/52.0.2743.82 Safari/537.36"
::1 - - [Thu, 11 Aug 2016 10:16:03 GMT] "GET /KindEditor/kindeditor-min.js HTTP/1.1" 304 - "http://localhost:3000/u/abc/2016-8-11/test" "Mozilla/5.0 (Windows NT 10.0; WOW64) AppleWebKit/537.36 (KHTML, like Gecko) Chrome/52.0.2743.82 Safari/537.36"
::1 - - [Thu, 11 Aug 2016 10:16:03 GMT] "GET /stylesheets/style.css HTTP/1.1" 304 - "http://localhost:3000/u/abc/2016-8-11/test" "Mozilla/5.0 (Windows NT 10.0; WOW64) AppleWebKit/537.36 (KHTML, like Gecko) Chrome/52.0.2743.82 Safari/537.36"
::1 - - [Thu, 11 Aug 2016 10:16:03 GMT] "GET /KindEditor/lang/zh_CN.js HTTP/1.1" 304 - "http://localhost:3000/u/abc/2016-8-11/test" "Mozilla/5.0 (Windows NT 10.0; WOW64) AppleWebKit/537.36 (KHTML, like Gecko) Chrome/52.0.2743.82 Safari/537.36"
::1 - - [Thu, 11 Aug 2016 10:16:03 GMT] "GET /KindEditor/themes/default/default.css HTTP/1.1" 304 - "http://localhost:3000/u/abc/2016-8-11/test" "Mozilla/5.0 (Windows NT 10.0; WOW64) AppleWebKit/537.36 (KHTML, like Gecko) Chrome/52.0.2743.82 Safari/537.36"
::1 - - [Thu, 11 Aug 2016 10:16:29 GMT] "GET /logout HTTP/1.1" 302 46 "http://localhost:3000/u/abc/2016-8-11/test" "Mozilla/5.0 (Windows NT 10.0; WOW64) AppleWebKit/537.36 (KHTML, like Gecko) Chrome/52.0.2743.82 Safari/537.36"
::1 - - [Thu, 11 Aug 2016 10:16:29 GMT] "GET / HTTP/1.1" 200 5031 "http://localhost:3000/u/abc/2016-8-11/test" "Mozilla/5.0 (Windows NT 10.0; WOW64) AppleWebKit/537.36 (KHTML, like Gecko) Chrome/52.0.2743.82 Safari/537.36"
::1 - - [Thu, 11 Aug 2016 10:16:29 GMT] "GET /stylesheets/style.css HTTP/1.1" 304 - "http://localhost:3000/" "Mozilla/5.0 (Windows NT 10.0; WOW64) AppleWebKit/537.36 (KHTML, like Gecko) Chrome/52.0.2743.82 Safari/537.36"
::1 - - [Thu, 11 Aug 2016 10:16:29 GMT] "GET /KindEditor/kindeditor-min.js HTTP/1.1" 304 - "http://localhost:3000/" "Mozilla/5.0 (Windows NT 10.0; WOW64) AppleWebKit/537.36 (KHTML, like Gecko) Chrome/52.0.2743.82 Safari/537.36"
::1 - - [Thu, 11 Aug 2016 10:16:29 GMT] "GET /KindEditor/lang/zh_CN.js HTTP/1.1" 304 - "http://localhost:3000/" "Mozilla/5.0 (Windows NT 10.0; WOW64) AppleWebKit/537.36 (KHTML, like Gecko) Chrome/52.0.2743.82 Safari/537.36"
::1 - - [Thu, 11 Aug 2016 10:16:29 GMT] "GET /KindEditor/themes/default/default.css HTTP/1.1" 304 - "http://localhost:3000/" "Mozilla/5.0 (Windows NT 10.0; WOW64) AppleWebKit/537.36 (KHTML, like Gecko) Chrome/52.0.2743.82 Safari/537.36"
::1 - - [Thu, 11 Aug 2016 10:16:30 GMT] "GET /u/abc/2016-8-11/test HTTP/1.1" 200 2436 "http://localhost:3000/" "Mozilla/5.0 (Windows NT 10.0; WOW64) AppleWebKit/537.36 (KHTML, like Gecko) Chrome/52.0.2743.82 Safari/537.36"
::1 - - [Thu, 11 Aug 2016 10:16:31 GMT] "GET /stylesheets/style.css HTTP/1.1" 304 - "http://localhost:3000/u/abc/2016-8-11/test" "Mozilla/5.0 (Windows NT 10.0; WOW64) AppleWebKit/537.36 (KHTML, like Gecko) Chrome/52.0.2743.82 Safari/537.36"
::1 - - [Thu, 11 Aug 2016 10:16:31 GMT] "GET /KindEditor/lang/zh_CN.js HTTP/1.1" 304 - "http://localhost:3000/u/abc/2016-8-11/test" "Mozilla/5.0 (Windows NT 10.0; WOW64) AppleWebKit/537.36 (KHTML, like Gecko) Chrome/52.0.2743.82 Safari/537.36"
::1 - - [Thu, 11 Aug 2016 10:16:31 GMT] "GET /KindEditor/kindeditor-min.js HTTP/1.1" 304 - "http://localhost:3000/u/abc/2016-8-11/test" "Mozilla/5.0 (Windows NT 10.0; WOW64) AppleWebKit/537.36 (KHTML, like Gecko) Chrome/52.0.2743.82 Safari/537.36"
::1 - - [Thu, 11 Aug 2016 10:16:31 GMT] "GET /KindEditor/themes/default/default.css HTTP/1.1" 304 - "http://localhost:3000/u/abc/2016-8-11/test" "Mozilla/5.0 (Windows NT 10.0; WOW64) AppleWebKit/537.36 (KHTML, like Gecko) Chrome/52.0.2743.82 Safari/537.36"
::1 - - [Thu, 11 Aug 2016 10:17:36 GMT] "GET /u/abc/2016-8-11/test HTTP/1.1" 200 2437 "http://localhost:3000/" "Mozilla/5.0 (Windows NT 10.0; WOW64) AppleWebKit/537.36 (KHTML, like Gecko) Chrome/52.0.2743.82 Safari/537.36"
::1 - - [Thu, 11 Aug 2016 10:17:36 GMT] "GET /stylesheets/style.css HTTP/1.1" 304 - "http://localhost:3000/u/abc/2016-8-11/test" "Mozilla/5.0 (Windows NT 10.0; WOW64) AppleWebKit/537.36 (KHTML, like Gecko) Chrome/52.0.2743.82 Safari/537.36"
::1 - - [Thu, 11 Aug 2016 10:17:36 GMT] "GET /KindEditor/lang/zh_CN.js HTTP/1.1" 304 - "http://localhost:3000/u/abc/2016-8-11/test" "Mozilla/5.0 (Windows NT 10.0; WOW64) AppleWebKit/537.36 (KHTML, like Gecko) Chrome/52.0.2743.82 Safari/537.36"
::1 - - [Thu, 11 Aug 2016 10:17:36 GMT] "GET /KindEditor/kindeditor-min.js HTTP/1.1" 304 - "http://localhost:3000/u/abc/2016-8-11/test" "Mozilla/5.0 (Windows NT 10.0; WOW64) AppleWebKit/537.36 (KHTML, like Gecko) Chrome/52.0.2743.82 Safari/537.36"
::1 - - [Thu, 11 Aug 2016 10:17:36 GMT] "GET /KindEditor/themes/default/default.css HTTP/1.1" 304 - "http://localhost:3000/u/abc/2016-8-11/test" "Mozilla/5.0 (Windows NT 10.0; WOW64) AppleWebKit/537.36 (KHTML, like Gecko) Chrome/52.0.2743.82 Safari/537.36"
::1 - - [Thu, 11 Aug 2016 10:37:37 GMT] "GET / HTTP/1.1" 200 5000 "http://localhost:3000/u/abc/2016-8-11/test" "Mozilla/5.0 (Windows NT 10.0; WOW64) AppleWebKit/537.36 (KHTML, like Gecko) Chrome/52.0.2743.82 Safari/537.36"
::1 - - [Thu, 11 Aug 2016 10:37:37 GMT] "GET /KindEditor/kindeditor-min.js HTTP/1.1" 304 - "http://localhost:3000/" "Mozilla/5.0 (Windows NT 10.0; WOW64) AppleWebKit/537.36 (KHTML, like Gecko) Chrome/52.0.2743.82 Safari/537.36"
::1 - - [Thu, 11 Aug 2016 10:37:37 GMT] "GET /stylesheets/style.css HTTP/1.1" 304 - "http://localhost:3000/" "Mozilla/5.0 (Windows NT 10.0; WOW64) AppleWebKit/537.36 (KHTML, like Gecko) Chrome/52.0.2743.82 Safari/537.36"
::1 - - [Thu, 11 Aug 2016 10:37:37 GMT] "GET /KindEditor/lang/zh_CN.js HTTP/1.1" 304 - "http://localhost:3000/" "Mozilla/5.0 (Windows NT 10.0; WOW64) AppleWebKit/537.36 (KHTML, like Gecko) Chrome/52.0.2743.82 Safari/537.36"
::1 - - [Thu, 11 Aug 2016 10:37:37 GMT] "GET /KindEditor/themes/default/default.css HTTP/1.1" 304 - "http://localhost:3000/" "Mozilla/5.0 (Windows NT 10.0; WOW64) AppleWebKit/537.36 (KHTML, like Gecko) Chrome/52.0.2743.82 Safari/537.36"
::1 - - [Thu, 11 Aug 2016 10:37:39 GMT] "GET /u/abc HTTP/1.1" 304 - "http://localhost:3000/" "Mozilla/5.0 (Windows NT 10.0; WOW64) AppleWebKit/537.36 (KHTML, like Gecko) Chrome/52.0.2743.82 Safari/537.36"
::1 - - [Thu, 11 Aug 2016 12:50:06 GMT] "GET / HTTP/1.1" 200 12008 "-" "Mozilla/5.0 (Windows NT 10.0; WOW64) AppleWebKit/537.36 (KHTML, like Gecko) Chrome/52.0.2743.82 Safari/537.36"
::1 - - [Thu, 11 Aug 2016 12:50:06 GMT] "GET /stylesheets/style.css HTTP/1.1" 304 - "http://localhost:3000/" "Mozilla/5.0 (Windows NT 10.0; WOW64) AppleWebKit/537.36 (KHTML, like Gecko) Chrome/52.0.2743.82 Safari/537.36"
::1 - - [Thu, 11 Aug 2016 12:50:06 GMT] "GET /KindEditor/kindeditor-min.js HTTP/1.1" 304 - "http://localhost:3000/" "Mozilla/5.0 (Windows NT 10.0; WOW64) AppleWebKit/537.36 (KHTML, like Gecko) Chrome/52.0.2743.82 Safari/537.36"
::1 - - [Thu, 11 Aug 2016 12:50:06 GMT] "GET /KindEditor/lang/zh_CN.js HTTP/1.1" 304 - "http://localhost:3000/" "Mozilla/5.0 (Windows NT 10.0; WOW64) AppleWebKit/537.36 (KHTML, like Gecko) Chrome/52.0.2743.82 Safari/537.36"
::1 - - [Thu, 11 Aug 2016 12:50:06 GMT] "GET /KindEditor/themes/default/default.css HTTP/1.1" 304 - "http://localhost:3000/" "Mozilla/5.0 (Windows NT 10.0; WOW64) AppleWebKit/537.36 (KHTML, like Gecko) Chrome/52.0.2743.82 Safari/537.36"
::1 - - [Thu, 11 Aug 2016 12:50:17 GMT] "GET /tags/celine%20dion HTTP/1.1" 200 1834 "http://localhost:3000/" "Mozilla/5.0 (Windows NT 10.0; WOW64) AppleWebKit/537.36 (KHTML, like Gecko) Chrome/52.0.2743.82 Safari/537.36"
::1 - - [Thu, 11 Aug 2016 12:50:17 GMT] "GET /stylesheets/style.css HTTP/1.1" 304 - "http://localhost:3000/tags/celine%20dion" "Mozilla/5.0 (Windows NT 10.0; WOW64) AppleWebKit/537.36 (KHTML, like Gecko) Chrome/52.0.2743.82 Safari/537.36"
::1 - - [Thu, 11 Aug 2016 12:50:17 GMT] "GET /KindEditor/kindeditor-min.js HTTP/1.1" 304 - "http://localhost:3000/tags/celine%20dion" "Mozilla/5.0 (Windows NT 10.0; WOW64) AppleWebKit/537.36 (KHTML, like Gecko) Chrome/52.0.2743.82 Safari/537.36"
::1 - - [Thu, 11 Aug 2016 12:50:17 GMT] "GET /KindEditor/lang/zh_CN.js HTTP/1.1" 304 - "http://localhost:3000/tags/celine%20dion" "Mozilla/5.0 (Windows NT 10.0; WOW64) AppleWebKit/537.36 (KHTML, like Gecko) Chrome/52.0.2743.82 Safari/537.36"
::1 - - [Thu, 11 Aug 2016 12:50:17 GMT] "GET /KindEditor/themes/default/default.css HTTP/1.1" 304 - "http://localhost:3000/tags/celine%20dion" "Mozilla/5.0 (Windows NT 10.0; WOW64) AppleWebKit/537.36 (KHTML, like Gecko) Chrome/52.0.2743.82 Safari/537.36"
::1 - - [Thu, 11 Aug 2016 12:50:19 GMT] "GET /u/Tc/2016-8-11/[%E8%BD%AC%E8%BD%BD]my%20heat%20will%20go%20on HTTP/1.1" 200 4882 "http://localhost:3000/tags/celine%20dion" "Mozilla/5.0 (Windows NT 10.0; WOW64) AppleWebKit/537.36 (KHTML, like Gecko) Chrome/52.0.2743.82 Safari/537.36"
::1 - - [Thu, 11 Aug 2016 12:50:19 GMT] "GET /stylesheets/style.css HTTP/1.1" 304 - "http://localhost:3000/u/Tc/2016-8-11/[%E8%BD%AC%E8%BD%BD]my%20heat%20will%20go%20on" "Mozilla/5.0 (Windows NT 10.0; WOW64) AppleWebKit/537.36 (KHTML, like Gecko) Chrome/52.0.2743.82 Safari/537.36"
::1 - - [Thu, 11 Aug 2016 12:50:19 GMT] "GET /KindEditor/kindeditor-min.js HTTP/1.1" 304 - "http://localhost:3000/u/Tc/2016-8-11/[%E8%BD%AC%E8%BD%BD]my%20heat%20will%20go%20on" "Mozilla/5.0 (Windows NT 10.0; WOW64) AppleWebKit/537.36 (KHTML, like Gecko) Chrome/52.0.2743.82 Safari/537.36"
::1 - - [Thu, 11 Aug 2016 12:50:19 GMT] "GET /KindEditor/lang/zh_CN.js HTTP/1.1" 304 - "http://localhost:3000/u/Tc/2016-8-11/[%E8%BD%AC%E8%BD%BD]my%20heat%20will%20go%20on" "Mozilla/5.0 (Windows NT 10.0; WOW64) AppleWebKit/537.36 (KHTML, like Gecko) Chrome/52.0.2743.82 Safari/537.36"
::1 - - [Thu, 11 Aug 2016 12:50:19 GMT] "GET /KindEditor/themes/default/default.css HTTP/1.1" 304 - "http://localhost:3000/u/Tc/2016-8-11/[%E8%BD%AC%E8%BD%BD]my%20heat%20will%20go%20on" "Mozilla/5.0 (Windows NT 10.0; WOW64) AppleWebKit/537.36 (KHTML, like Gecko) Chrome/52.0.2743.82 Safari/537.36"
::1 - - [Thu, 11 Aug 2016 12:50:45 GMT] "GET /links HTTP/1.1" 200 1661 "http://localhost:3000/tags/celine%20dion" "Mozilla/5.0 (Windows NT 10.0; WOW64) AppleWebKit/537.36 (KHTML, like Gecko) Chrome/52.0.2743.82 Safari/537.36"
::1 - - [Thu, 11 Aug 2016 12:50:45 GMT] "GET /stylesheets/style.css HTTP/1.1" 304 - "http://localhost:3000/links" "Mozilla/5.0 (Windows NT 10.0; WOW64) AppleWebKit/537.36 (KHTML, like Gecko) Chrome/52.0.2743.82 Safari/537.36"
::1 - - [Thu, 11 Aug 2016 12:50:45 GMT] "GET /KindEditor/kindeditor-min.js HTTP/1.1" 304 - "http://localhost:3000/links" "Mozilla/5.0 (Windows NT 10.0; WOW64) AppleWebKit/537.36 (KHTML, like Gecko) Chrome/52.0.2743.82 Safari/537.36"
::1 - - [Thu, 11 Aug 2016 12:50:45 GMT] "GET /KindEditor/lang/zh_CN.js HTTP/1.1" 304 - "http://localhost:3000/links" "Mozilla/5.0 (Windows NT 10.0; WOW64) AppleWebKit/537.36 (KHTML, like Gecko) Chrome/52.0.2743.82 Safari/537.36"
::1 - - [Thu, 11 Aug 2016 12:50:45 GMT] "GET /KindEditor/themes/default/default.css HTTP/1.1" 304 - "http://localhost:3000/links" "Mozilla/5.0 (Windows NT 10.0; WOW64) AppleWebKit/537.36 (KHTML, like Gecko) Chrome/52.0.2743.82 Safari/537.36"
::1 - - [Thu, 11 Aug 2016 12:50:47 GMT] "GET / HTTP/1.1" 200 12008 "http://localhost:3000/links" "Mozilla/5.0 (Windows NT 10.0; WOW64) AppleWebKit/537.36 (KHTML, like Gecko) Chrome/52.0.2743.82 Safari/537.36"
::1 - - [Thu, 11 Aug 2016 12:50:47 GMT] "GET /stylesheets/style.css HTTP/1.1" 304 - "http://localhost:3000/" "Mozilla/5.0 (Windows NT 10.0; WOW64) AppleWebKit/537.36 (KHTML, like Gecko) Chrome/52.0.2743.82 Safari/537.36"
::1 - - [Thu, 11 Aug 2016 12:50:47 GMT] "GET /KindEditor/kindeditor-min.js HTTP/1.1" 304 - "http://localhost:3000/" "Mozilla/5.0 (Windows NT 10.0; WOW64) AppleWebKit/537.36 (KHTML, like Gecko) Chrome/52.0.2743.82 Safari/537.36"
::1 - - [Thu, 11 Aug 2016 12:50:47 GMT] "GET /KindEditor/lang/zh_CN.js HTTP/1.1" 304 - "http://localhost:3000/" "Mozilla/5.0 (Windows NT 10.0; WOW64) AppleWebKit/537.36 (KHTML, like Gecko) Chrome/52.0.2743.82 Safari/537.36"
::1 - - [Thu, 11 Aug 2016 12:50:47 GMT] "GET /KindEditor/themes/default/default.css HTTP/1.1" 304 - "http://localhost:3000/" "Mozilla/5.0 (Windows NT 10.0; WOW64) AppleWebKit/537.36 (KHTML, like Gecko) Chrome/52.0.2743.82 Safari/537.36"
::1 - - [Thu, 11 Aug 2016 12:52:23 GMT] "GET /u/abc HTTP/1.1" 304 - "http://localhost:3000/" "Mozilla/5.0 (Windows NT 10.0; WOW64) AppleWebKit/537.36 (KHTML, like Gecko) Chrome/52.0.2743.82 Safari/537.36"
::1 - - [Thu, 11 Aug 2016 12:52:31 GMT] "GET /u/Tc/2016-8-11/[%E8%BD%AC%E8%BD%BD]my%20heat%20will%20go%20on HTTP/1.1" 200 4882 "http://localhost:3000/" "Mozilla/5.0 (Windows NT 10.0; WOW64) AppleWebKit/537.36 (KHTML, like Gecko) Chrome/52.0.2743.82 Safari/537.36"
::1 - - [Thu, 11 Aug 2016 12:52:31 GMT] "GET /stylesheets/style.css HTTP/1.1" 304 - "http://localhost:3000/u/Tc/2016-8-11/[%E8%BD%AC%E8%BD%BD]my%20heat%20will%20go%20on" "Mozilla/5.0 (Windows NT 10.0; WOW64) AppleWebKit/537.36 (KHTML, like Gecko) Chrome/52.0.2743.82 Safari/537.36"
::1 - - [Thu, 11 Aug 2016 12:52:31 GMT] "GET /KindEditor/kindeditor-min.js HTTP/1.1" 304 - "http://localhost:3000/u/Tc/2016-8-11/[%E8%BD%AC%E8%BD%BD]my%20heat%20will%20go%20on" "Mozilla/5.0 (Windows NT 10.0; WOW64) AppleWebKit/537.36 (KHTML, like Gecko) Chrome/52.0.2743.82 Safari/537.36"
::1 - - [Thu, 11 Aug 2016 12:52:31 GMT] "GET /KindEditor/lang/zh_CN.js HTTP/1.1" 304 - "http://localhost:3000/u/Tc/2016-8-11/[%E8%BD%AC%E8%BD%BD]my%20heat%20will%20go%20on" "Mozilla/5.0 (Windows NT 10.0; WOW64) AppleWebKit/537.36 (KHTML, like Gecko) Chrome/52.0.2743.82 Safari/537.36"
::1 - - [Thu, 11 Aug 2016 12:52:31 GMT] "GET /KindEditor/themes/default/default.css HTTP/1.1" 304 - "http://localhost:3000/u/Tc/2016-8-11/[%E8%BD%AC%E8%BD%BD]my%20heat%20will%20go%20on" "Mozilla/5.0 (Windows NT 10.0; WOW64) AppleWebKit/537.36 (KHTML, like Gecko) Chrome/52.0.2743.82 Safari/537.36"
::1 - - [Thu, 11 Aug 2016 12:53:04 GMT] "POST /u/Tc/2016-8-11/[%E8%BD%AC%E8%BD%BD]my%20heat%20will%20go%20on HTTP/1.1" 302 210 "http://localhost:3000/u/Tc/2016-8-11/[%E8%BD%AC%E8%BD%BD]my%20heat%20will%20go%20on" "Mozilla/5.0 (Windows NT 10.0; WOW64) AppleWebKit/537.36 (KHTML, like Gecko) Chrome/52.0.2743.82 Safari/537.36"
::1 - - [Thu, 11 Aug 2016 12:53:04 GMT] "GET /u/Tc/2016-8-11/[%E8%BD%AC%E8%BD%BD]my%20heat%20will%20go%20on HTTP/1.1" 200 5169 "http://localhost:3000/u/Tc/2016-8-11/[%E8%BD%AC%E8%BD%BD]my%20heat%20will%20go%20on" "Mozilla/5.0 (Windows NT 10.0; WOW64) AppleWebKit/537.36 (KHTML, like Gecko) Chrome/52.0.2743.82 Safari/537.36"
::1 - - [Thu, 11 Aug 2016 12:53:04 GMT] "GET /stylesheets/style.css HTTP/1.1" 304 - "http://localhost:3000/u/Tc/2016-8-11/[%E8%BD%AC%E8%BD%BD]my%20heat%20will%20go%20on" "Mozilla/5.0 (Windows NT 10.0; WOW64) AppleWebKit/537.36 (KHTML, like Gecko) Chrome/52.0.2743.82 Safari/537.36"
::1 - - [Thu, 11 Aug 2016 12:53:04 GMT] "GET /KindEditor/kindeditor-min.js HTTP/1.1" 304 - "http://localhost:3000/u/Tc/2016-8-11/[%E8%BD%AC%E8%BD%BD]my%20heat%20will%20go%20on" "Mozilla/5.0 (Windows NT 10.0; WOW64) AppleWebKit/537.36 (KHTML, like Gecko) Chrome/52.0.2743.82 Safari/537.36"
::1 - - [Thu, 11 Aug 2016 12:53:04 GMT] "GET /KindEditor/lang/zh_CN.js HTTP/1.1" 304 - "http://localhost:3000/u/Tc/2016-8-11/[%E8%BD%AC%E8%BD%BD]my%20heat%20will%20go%20on" "Mozilla/5.0 (Windows NT 10.0; WOW64) AppleWebKit/537.36 (KHTML, like Gecko) Chrome/52.0.2743.82 Safari/537.36"
::1 - - [Thu, 11 Aug 2016 12:53:04 GMT] "GET /KindEditor/themes/default/default.css HTTP/1.1" 304 - "http://localhost:3000/u/Tc/2016-8-11/[%E8%BD%AC%E8%BD%BD]my%20heat%20will%20go%20on" "Mozilla/5.0 (Windows NT 10.0; WOW64) AppleWebKit/537.36 (KHTML, like Gecko) Chrome/52.0.2743.82 Safari/537.36"
::1 - - [Thu, 11 Aug 2016 12:57:14 GMT] "GET / HTTP/1.1" 200 12008 "http://localhost:3000/u/Tc/2016-8-11/[%E8%BD%AC%E8%BD%BD]my%20heat%20will%20go%20on" "Mozilla/5.0 (Windows NT 10.0; WOW64) AppleWebKit/537.36 (KHTML, like Gecko) Chrome/52.0.2743.82 Safari/537.36"
::1 - - [Thu, 11 Aug 2016 12:57:14 GMT] "GET /KindEditor/kindeditor-min.js HTTP/1.1" 304 - "http://localhost:3000/" "Mozilla/5.0 (Windows NT 10.0; WOW64) AppleWebKit/537.36 (KHTML, like Gecko) Chrome/52.0.2743.82 Safari/537.36"
::1 - - [Thu, 11 Aug 2016 12:57:14 GMT] "GET /stylesheets/style.css HTTP/1.1" 304 - "http://localhost:3000/" "Mozilla/5.0 (Windows NT 10.0; WOW64) AppleWebKit/537.36 (KHTML, like Gecko) Chrome/52.0.2743.82 Safari/537.36"
::1 - - [Thu, 11 Aug 2016 12:57:14 GMT] "GET /KindEditor/lang/zh_CN.js HTTP/1.1" 304 - "http://localhost:3000/" "Mozilla/5.0 (Windows NT 10.0; WOW64) AppleWebKit/537.36 (KHTML, like Gecko) Chrome/52.0.2743.82 Safari/537.36"
::1 - - [Thu, 11 Aug 2016 12:57:14 GMT] "GET /KindEditor/themes/default/default.css HTTP/1.1" 304 - "http://localhost:3000/" "Mozilla/5.0 (Windows NT 10.0; WOW64) AppleWebKit/537.36 (KHTML, like Gecko) Chrome/52.0.2743.82 Safari/537.36"
